\BOOKMARK [0][-]{part.1}{\376\377\000I\000\040\000C\000o\000r\000e\000\040\000F\000r\000a\000m\000e\000w\000o\000r\000k\000\040\000a\000n\000d\000\040\000A\000x\000i\000o\000m\000s}{}% 1
\BOOKMARK [1][-]{section.1}{\376\377\000O\000b\000s\000e\000r\000v\000e\000r\000-\000P\000a\000t\000c\000h\000\040\000H\000o\000l\000o\000g\000r\000a\000p\000h\000y}{part.1}% 2
\BOOKMARK [2][-]{subsection.1.1}{\376\377\000A\000b\000s\000t\000r\000a\000c\000t}{section.1}% 3
\BOOKMARK [2][-]{subsection.1.2}{\376\377\0001\000.\000\040\000M\000o\000d\000e\000l\000\040\000a\000n\000d\000\040\000A\000x\000i\000o\000m\000s}{section.1}% 4
\BOOKMARK [3][-]{subsubsection.1.2.1}{\376\377\0001\000.\0001\000\040\000O\000b\000s\000e\000r\000v\000e\000r\000s\000\040\000a\000n\000d\000\040\000a\000c\000c\000e\000s\000s\000\040\000m\000o\000d\000e\000l}{subsection.1.2}% 5
\BOOKMARK [3][-]{subsubsection.1.2.2}{\376\377\0001\000.\0002\000\040\000S\000c\000r\000e\000e\000n\000,\000\040\000p\000a\000t\000c\000h\000e\000s\000,\000\040\000a\000n\000d\000\040\000a\000l\000g\000e\000b\000r\000a\000\040\000n\000e\000t}{subsection.1.2}% 6
\BOOKMARK [3][-]{subsubsection.1.2.3}{\376\377\0001\000.\0003\000\040\000C\000o\000r\000e\000\040\000a\000x\000i\000o\000m\000s}{subsection.1.2}% 7
\BOOKMARK [3][-]{subsubsection.1.2.4}{\376\377\0001\000.\0004\000\040\000A\000s\000s\000u\000m\000p\000t\000i\000o\000n\000s\000\040\000a\000n\000d\000\040\000e\000x\000t\000e\000r\000n\000a\000l\000\040\000i\000n\000p\000u\000t\000s}{subsection.1.2}% 8
\BOOKMARK [3][-]{subsubsection.1.2.5}{\376\377\0001\000.\0005\000\040\000N\000o\000t\000a\000t\000i\000o\000n}{subsection.1.2}% 9
\BOOKMARK [3][-]{subsubsection.1.2.6}{\376\377\0001\000.\0006\000\040\000S\000u\000m\000m\000a\000r\000y\000:\000\040\000C\000o\000m\000p\000l\000e\000t\000e\000\040\000a\000x\000i\000o\000m\000\040\000s\000e\000t}{subsection.1.2}% 10
\BOOKMARK [2][-]{subsection.1.3}{\376\377\0002\000.\000\040\000I\000n\000f\000o\000r\000m\000a\000t\000i\000o\000n\000-\000T\000h\000e\000o\000r\000e\000t\000i\000c\000\040\000T\000o\000o\000l\000s}{section.1}% 11
\BOOKMARK [3][-]{subsubsection.1.3.1}{\376\377\0002\000.\0001\000\040\000S\000t\000r\000o\000n\000g\000\040\000s\000u\000b\000a\000d\000d\000i\000t\000i\000v\000i\000t\000y\000\040\000a\000n\000d\000\040\000M\000a\000r\000k\000o\000v\000\040\000s\000t\000a\000t\000e\000s}{subsection.1.3}% 12
\BOOKMARK [3][-]{subsubsection.1.3.2}{\376\377\0002\000.\0002\000\040\000A\000p\000p\000r\000o\000x\000i\000m\000a\000t\000e\000\040\000r\000e\000c\000o\000v\000e\000r\000y}{subsection.1.3}% 13
\BOOKMARK [3][-]{subsubsection.1.3.3}{\376\377\0002\000.\0003\000\040\000C\000o\000l\000l\000a\000r\000\040\000r\000e\000f\000i\000n\000e\000m\000e\000n\000t\000\040\000a\000n\000d\000\040\000s\000u\000f\000f\000i\000c\000i\000e\000n\000t\000\040\000m\000e\000c\000h\000a\000n\000i\000s\000m\000s}{subsection.1.3}% 14
\BOOKMARK [3][-]{subsubsection.1.3.4}{\376\377\0002\000.\0006\000\040\000C\000o\000n\000c\000r\000e\000t\000e\000\040\000U\000V\000\040\000r\000e\000a\000l\000i\000z\000a\000t\000i\000o\000n\000:\000\040\000q\000u\000a\000n\000t\000u\000m\000\040\000l\000i\000n\000k\000\040\000m\000o\000d\000e\000l\000s}{subsection.1.3}% 15
\BOOKMARK [3][-]{subsubsection.1.3.5}{\376\377\0002\000.\0007\000\040\000C\000o\000n\000f\000o\000r\000m\000a\000l\000-\000m\000o\000d\000u\000l\000a\000r\000\040\000f\000i\000x\000e\000d\000\040\000p\000o\000i\000n\000t\000\040\000m\000i\000c\000r\000o\000p\000h\000y\000s\000i\000c\000s\000\040\000\050\000C\000M\000F\000P\000\051}{subsection.1.3}% 16
\BOOKMARK [2][-]{subsection.1.4}{\376\377\0003\000.\000\040\000O\000v\000e\000r\000l\000a\000p\000\040\000C\000o\000n\000s\000i\000s\000t\000e\000n\000c\000y\000\040\000a\000n\000d\000\040\000G\000l\000u\000i\000n\000g}{section.1}% 17
\BOOKMARK [3][-]{subsubsection.1.4.1}{\376\377\0003\000.\0001\000\040\000C\000o\000n\000s\000t\000r\000u\000c\000t\000i\000v\000e\000\040\000g\000l\000u\000i\000n\000g\000\040\000o\000n\000\040\000t\000r\000e\000e\000\040\000c\000o\000v\000e\000r\000s}{subsection.1.4}% 18
\BOOKMARK [3][-]{subsubsection.1.4.2}{\376\377\0003\000.\0002\000\040\000G\000a\000u\000g\000e\000-\000a\000s\000-\000g\000l\000u\000i\000n\000g\000\040\000a\000n\000d\000\040\000l\000o\000o\000p\000s}{subsection.1.4}% 19
\BOOKMARK [3][-]{subsubsection.1.4.3}{\376\377\0003\000.\0003\000\040\000L\000o\000o\000p\000\040\000o\000b\000s\000t\000r\000u\000c\000t\000i\000o\000n\000\040\000c\000l\000a\000s\000s\000\040\000\050\000c\000e\000n\000t\000r\000a\000l\000\040\000d\000e\000f\000e\000c\000t\000\051}{subsection.1.4}% 20
\BOOKMARK [3][-]{subsubsection.1.4.4}{\376\377\0003\000.\0004\000\040\000N\000o\000n\000-\000c\000e\000n\000t\000r\000a\000l\000\040\000o\000b\000s\000t\000r\000u\000c\000t\000i\000o\000n\000\040\000\050\0002\000-\000g\000r\000o\000u\000p\000\040\000c\000o\000c\000y\000c\000l\000e\000\051}{subsection.1.4}% 21
\BOOKMARK [2][-]{subsection.1.5}{\376\377\0004\000.\000\040\000M\000o\000d\000u\000l\000a\000r\000\040\000F\000l\000o\000w\000\040\000a\000n\000d\000\040\000L\000o\000r\000e\000n\000t\000z\000\040\000K\000i\000n\000e\000m\000a\000t\000i\000c\000s}{section.1}% 22
\BOOKMARK [3][-]{subsubsection.1.5.1}{\376\377\0004\000.\0001\000\040\000M\000o\000d\000u\000l\000a\000r\000\040\000a\000d\000d\000i\000t\000i\000v\000i\000t\000y\000\040\000i\000n\000\040\000t\000h\000e\000\040\000M\000a\000r\000k\000o\000v\000\040\000c\000o\000l\000l\000a\000r\000\040\000l\000i\000m\000i\000t}{subsection.1.5}% 23
\BOOKMARK [3][-]{subsubsection.1.5.2}{\376\377\0004\000.\0002\000\040\000T\000h\000e\000o\000r\000e\000m\000:\000\040\000\134\000m\000a\000t\000h\000r\000m\000\173\000B\000W\000\175\000\137\000\173\000S\000\136\0002\000\175\000\040\000f\000r\000o\000m\000\040\000M\000a\000r\000k\000o\000v\000\040\000l\000o\000c\000a\000l\000i\000t\000y\000,\000\040\000s\000y\000m\000m\000e\000t\000r\000y\000,\000\040\000r\000e\000g\000u\000l\000a\000r\000i\000t\000y}{subsection.1.5}% 24
\BOOKMARK [3][-]{subsubsection.1.5.3}{\376\377\0004\000.\0003\000\040\000T\000h\000e\000o\000r\000e\000m\000:\000\040\000\134\000m\000a\000t\000h\000r\000m\000\173\000B\000W\000\175\000\137\000\173\000S\000\136\0002\000\175\000\040\000i\000m\000p\000l\000i\000e\000s\000\040\000L\000o\000r\000e\000n\000t\000z\000\040\000k\000i\000n\000e\000m\000a\000t\000i\000c\000s}{subsection.1.5}% 25
\BOOKMARK [2][-]{subsection.1.6}{\376\377\0005\000.\000\040\000G\000r\000a\000v\000i\000t\000y\000\040\000f\000r\000o\000m\000\040\000E\000n\000t\000a\000n\000g\000l\000e\000m\000e\000n\000t\000\040\000E\000q\000u\000i\000l\000i\000b\000r\000i\000u\000m}{section.1}% 26
\BOOKMARK [3][-]{subsubsection.1.6.1}{\376\377\0005\000.\0001\000\040\000C\000a\000p\000\040\000f\000i\000r\000s\000t\000\040\000l\000a\000w}{subsection.1.6}% 27
\BOOKMARK [3][-]{subsubsection.1.6.2}{\376\377\0005\000.\0002\000\040\000N\000u\000l\000l\000-\000s\000u\000r\000f\000a\000c\000e\000\040\000m\000o\000d\000u\000l\000a\000r\000\040\000b\000r\000i\000d\000g\000e}{subsection.1.6}% 28
\BOOKMARK [3][-]{subsubsection.1.6.3}{\376\377\0005\000.\0003\000\040\000M\000o\000d\000u\000l\000a\000r\000\040\000e\000n\000e\000r\000g\000y\000\040\000a\000s\000\040\000s\000t\000r\000e\000s\000s\000-\000t\000e\000n\000s\000o\000r\000\040\000c\000h\000a\000r\000g\000e\000\040\000\050\000U\000V\000\040\000C\000F\000T\000\051}{subsection.1.6}% 29
\BOOKMARK [3][-]{subsubsection.1.6.4}{\376\377\0005\000.\0004\000\040\000L\000o\000c\000a\000l\000i\000z\000e\000d\000\040\000g\000e\000n\000e\000r\000a\000l\000i\000z\000e\000d\000\040\000e\000n\000t\000r\000o\000p\000y\000\040\000f\000r\000o\000m\000\040\000M\000a\000r\000k\000o\000v\000\040\000+\000\040\000M\000a\000x\000E\000n\000t}{subsection.1.6}% 30
\BOOKMARK [3][-]{subsubsection.1.6.5}{\376\377\0005\000.\0005\000\040\000E\000n\000t\000a\000n\000g\000l\000e\000m\000e\000n\000t\000\040\000e\000q\000u\000i\000l\000i\000b\000r\000i\000u\000m\000\040\000f\000r\000o\000m\000\040\000M\000a\000x\000E\000n\000t}{subsection.1.6}% 31
\BOOKMARK [3][-]{subsubsection.1.6.6}{\376\377\0005\000.\0006\000\040\000E\000i\000n\000s\000t\000e\000i\000n\000\040\000e\000q\000u\000a\000t\000i\000o\000n\000\040\000f\000r\000o\000m\000\040\000c\000a\000p\000\040\000e\000q\000u\000i\000l\000i\000b\000r\000i\000u\000m}{subsection.1.6}% 32
\BOOKMARK [3][-]{subsubsection.1.6.7}{\376\377\0005\000.\0007\000\040\000O\000v\000e\000r\000l\000a\000p\000s\000\040\000s\000u\000p\000p\000l\000y\000\040\000a\000l\000l\000\040\000t\000i\000m\000e\000l\000i\000k\000e\000\040\000d\000i\000r\000e\000c\000t\000i\000o\000n\000s}{subsection.1.6}% 33
\BOOKMARK [3][-]{subsubsection.1.6.8}{\376\377\0005\000.\0008\000\040\000N\000o\000n\000-\000t\000u\000n\000a\000b\000l\000e\000\040\000n\000u\000m\000e\000r\000i\000c\000a\000l\000\040\000c\000o\000n\000s\000t\000a\000n\000t\000s}{subsection.1.6}% 34
\BOOKMARK [3][-]{subsubsection.1.6.9}{\376\377\0005\000.\0009\000\040\000Q\000u\000a\000n\000t\000i\000t\000a\000t\000i\000v\000e\000\040\000M\000a\000r\000k\000o\000v\000\040\000e\000r\000r\000o\000r\000\040\000a\000n\000d\000\040\000c\000o\000n\000t\000r\000o\000l\000l\000e\000d\000\040\000c\000o\000r\000r\000e\000c\000t\000i\000o\000n\000s}{subsection.1.6}% 35
\BOOKMARK [3][-]{subsubsection.1.6.10}{\376\377\0005\000.\0001\0000\000\040\000F\000o\000c\000u\000s\000i\000n\000g\000/\000Q\000N\000E\000C\000\040\000i\000n\000t\000e\000r\000n\000a\000l\000i\000z\000a\000t\000i\000o\000n\000\040\000v\000i\000a\000\040\000r\000e\000l\000a\000t\000i\000v\000e\000\040\000e\000n\000t\000r\000o\000p\000y}{subsection.1.6}% 36
\BOOKMARK [3][-]{subsubsection.1.6.11}{\376\377\0005\000.\0001\0001\000\040\000D\000i\000s\000c\000r\000e\000t\000e\000\040\000h\000o\000r\000i\000z\000o\000n\000\040\000a\000r\000e\000a\000\040\000s\000p\000e\000c\000t\000r\000u\000m\000\040\000a\000n\000d\000\040\000H\000a\000w\000k\000i\000n\000g\000\040\000e\000m\000i\000s\000s\000i\000o\000n\000\040\000\050\000e\000s\000t\000a\000b\000l\000i\000s\000h\000e\000d\000\051}{subsection.1.6}% 37
\BOOKMARK [3][-]{subsubsection.1.6.12}{\376\377\0005\000.\0001\0002\000\040\000C\000l\000a\000s\000s\000i\000c\000a\000l\000\040\000m\000e\000c\000h\000a\000n\000i\000c\000s\000\040\000f\000r\000o\000m\000\040\000e\000m\000e\000r\000g\000e\000n\000t\000\040\000G\000R}{subsection.1.6}% 38
\BOOKMARK [3][-]{subsubsection.1.6.13}{\376\377\0005\000.\0001\0003\000\040\000P\000r\000e\000c\000i\000s\000i\000o\000n\000\040\000g\000r\000a\000v\000i\000t\000y\000\040\000p\000r\000e\000d\000i\000c\000t\000i\000o\000n\000s\000\040\000a\000n\000d\000\040\000e\000x\000p\000e\000r\000i\000m\000e\000n\000t\000a\000l\000\040\000b\000o\000u\000n\000d\000s}{subsection.1.6}% 39
\BOOKMARK [3][-]{subsubsection.1.6.14}{\376\377\0005\000.\0001\0004\000\040\000T\000h\000e\000o\000r\000y\000-\000s\000i\000d\000e\000\040\000e\000r\000r\000o\000r\000\040\000p\000r\000o\000p\000a\000g\000a\000t\000i\000o\000n\000\040\000f\000r\000o\000m\000\040\000M\000a\000r\000k\000o\000v\000\040\000b\000o\000u\000n\000d\000s}{subsection.1.6}% 40
\BOOKMARK [3][-]{subsubsection.1.6.15}{\376\377\0005\000.\0001\0005\000\040\000D\000a\000r\000k\000\040\000m\000a\000t\000t\000e\000r\000\040\000a\000s\000\040\000m\000o\000d\000u\000l\000a\000r\000\040\000a\000n\000o\000m\000a\000l\000y\000\040\000\050\000p\000r\000o\000g\000r\000a\000m\000-\000l\000e\000v\000e\000l\000\051}{subsection.1.6}% 41
\BOOKMARK [3][-]{subsubsection.1.6.16}{\376\377\0005\000.\0001\0006\000\040\000D\000e\000\040\000S\000i\000t\000t\000e\000r\000\040\000h\000o\000l\000o\000g\000r\000a\000p\000h\000y\000:\000\040\000s\000t\000a\000t\000i\000c\000\040\000p\000a\000t\000c\000h\000\040\000v\000s\000\040\000b\000o\000u\000n\000d\000a\000r\000y\000-\000a\000t\000-\000i\000n\000f\000i\000n\000i\000t\000y}{subsection.1.6}% 42
\BOOKMARK [2][-]{subsection.1.7}{\376\377\0006\000.\000\040\000S\000t\000a\000n\000d\000a\000r\000d\000\040\000M\000o\000d\000e\000l\000\040\000f\000r\000o\000m\000\040\000G\000l\000u\000i\000n\000g\000\040\000C\000o\000n\000s\000i\000s\000t\000e\000n\000c\000y}{section.1}% 43
\BOOKMARK [3][-]{subsubsection.1.7.1}{\376\377\0006\000.\0001\000\040\000E\000d\000g\000e\000\040\000s\000e\000c\000t\000o\000r\000\040\000c\000a\000t\000e\000g\000o\000r\000y\000\040\000a\000n\000d\000\040\000g\000a\000u\000g\000e\000\040\000g\000r\000o\000u\000p\000\040\000r\000e\000c\000o\000n\000s\000t\000r\000u\000c\000t\000i\000o\000n}{subsection.1.7}% 44
\BOOKMARK [3][-]{subsubsection.1.7.2}{\376\377\0006\000.\0002\000\040\000S\000e\000l\000e\000c\000t\000i\000n\000g\000\040\000t\000h\000e\000\040\000S\000M\000\040\000f\000a\000c\000t\000o\000r\000s\000\040\000\050\000d\000e\000r\000i\000v\000e\000d\000\040\000f\000r\000o\000m\000\040\000M\000A\000R\000\051}{subsection.1.7}% 45
\BOOKMARK [3][-]{subsubsection.1.7.3}{\376\377\0006\000.\0003\000\040\000R\000e\000f\000i\000n\000e\000m\000e\000n\000t\000\040\000s\000t\000a\000b\000i\000l\000i\000t\000y\000\040\000a\000n\000d\000\040\000u\000n\000p\000r\000o\000t\000e\000c\000t\000e\000d\000\040\000r\000e\000l\000e\000v\000a\000n\000t\000\040\000o\000p\000e\000r\000a\000t\000o\000r\000s}{subsection.1.7}% 46
\BOOKMARK [3][-]{subsubsection.1.7.4}{\376\377\0006\000.\0004\000\040\000G\000e\000n\000e\000r\000a\000t\000i\000o\000n\000\040\000n\000u\000m\000b\000e\000r\000\040\000f\000r\000o\000m\000\040\000C\000P\000\040\000v\000i\000o\000l\000a\000t\000i\000o\000n\000\040\000a\000n\000d\000\040\000r\000e\000f\000i\000n\000e\000m\000e\000n\000t\000\040\000s\000t\000a\000b\000i\000l\000i\000t\000y\000\040\000\050\000d\000e\000r\000i\000v\000e\000d\000\040\000f\000r\000o\000m\000\040\000M\000A\000R\000\051}{subsection.1.7}% 47
\BOOKMARK [3][-]{subsubsection.1.7.5}{\376\377\0006\000.\0005\000\040\000H\000i\000l\000b\000e\000r\000t\000-\000s\000p\000a\000c\000e\000\040\000f\000o\000r\000m\000u\000l\000a\000t\000i\000o\000n\000\040\000o\000f\000\040\000g\000l\000u\000i\000n\000g\000\040\000d\000a\000t\000a}{subsection.1.7}% 48
\BOOKMARK [3][-]{subsubsection.1.7.6}{\376\377\0006\000.\0006\000\040\000L\000o\000o\000p\000\040\000o\000b\000s\000t\000r\000u\000c\000t\000i\000o\000n\000\040\000c\000l\000a\000s\000s\000\040\000\050\000c\000e\000n\000t\000r\000a\000l\000\040\000d\000e\000f\000e\000c\000t\000\051}{subsection.1.7}% 49
\BOOKMARK [3][-]{subsubsection.1.7.7}{\376\377\0006\000.\0007\000\040\000E\000F\000T\000\040\000r\000e\000d\000u\000c\000t\000i\000o\000n\000\040\000t\000o\000\040\000a\000n\000o\000m\000a\000l\000y\000\040\000c\000a\000n\000c\000e\000l\000l\000a\000t\000i\000o\000n}{subsection.1.7}% 50
\BOOKMARK [3][-]{subsubsection.1.7.8}{\376\377\0006\000.\0008\000\040\000H\000y\000p\000e\000r\000c\000h\000a\000r\000g\000e\000\040\000f\000r\000o\000m\000\040\000a\000n\000o\000m\000a\000l\000y\000\040\000f\000r\000e\000e\000d\000o\000m\000\040\000a\000n\000d\000\040\000Y\000u\000k\000a\000w\000a\000s}{subsection.1.7}% 51
\BOOKMARK [3][-]{subsubsection.1.7.9}{\376\377\0006\000.\0009\000\040\000W\000i\000t\000t\000e\000n\000\040\000a\000n\000o\000m\000a\000l\000y\000\040\000a\000n\000d\000\040\000t\000h\000e\000\040\000n\000u\000m\000b\000e\000r\000\040\000o\000f\000\040\000c\000o\000l\000o\000r\000s}{subsection.1.7}% 52
\BOOKMARK [3][-]{subsubsection.1.7.10}{\376\377\0006\000.\0001\0000\000\040\000B\000o\000n\000d\000-\000d\000i\000m\000e\000n\000s\000i\000o\000n\000\040\000g\000a\000t\000e\000k\000e\000e\000p\000i\000n\000g}{subsection.1.7}% 53
\BOOKMARK [3][-]{subsubsection.1.7.11}{\376\377\0006\000.\0001\0001\000\040\000I\000n\000e\000v\000i\000t\000a\000b\000i\000l\000i\000t\000y\000\040\000o\000f\000\040\000p\000h\000o\000t\000o\000n\000\040\000a\000n\000d\000\040\000g\000r\000a\000v\000i\000t\000o\000n}{subsection.1.7}% 54
\BOOKMARK [3][-]{subsubsection.1.7.12}{\376\377\0006\000.\0001\0002\000\040\000M\000a\000s\000s\000\040\000p\000r\000e\000d\000i\000c\000t\000i\000o\000n\000s\000\040\000f\000r\000o\000m\000\040\000s\000y\000m\000m\000e\000t\000r\000y}{subsection.1.7}% 55
\BOOKMARK [3][-]{subsubsection.1.7.13}{\376\377\0006\000.\0001\0003\000\040\000C\000o\000u\000p\000l\000i\000n\000g\000\040\000e\000x\000t\000r\000a\000c\000t\000i\000o\000n\000\040\000f\000r\000o\000m\000\040\000e\000d\000g\000e\000-\000s\000e\000c\000t\000o\000r\000\040\000p\000r\000o\000b\000a\000b\000i\000l\000i\000t\000i\000e\000s}{subsection.1.7}% 56
\BOOKMARK [3][-]{subsubsection.1.7.14}{\376\377\0006\000.\0001\0004\000\040\000N\000u\000m\000e\000r\000i\000c\000a\000l\000\040\000v\000a\000l\000i\000d\000a\000t\000i\000o\000n\000\040\000o\000f\000\040\000t\000h\000e\000\040\000h\000e\000a\000t\000-\000k\000e\000r\000n\000e\000l\000\040\000l\000a\000w}{subsection.1.7}% 57
\BOOKMARK [3][-]{subsubsection.1.7.15}{\376\377\0006\000.\0001\0005\000\040\000P\000a\000r\000t\000i\000c\000l\000e\000\040\000m\000a\000s\000s\000\040\000e\000x\000t\000r\000a\000c\000t\000i\000o\000n\000\040\000f\000r\000o\000m\000\040\000s\000p\000e\000c\000t\000r\000o\000s\000c\000o\000p\000y}{subsection.1.7}% 58
\BOOKMARK [3][-]{subsubsection.1.7.16}{\376\377\0006\000.\0001\0006\000\040\000C\000o\000m\000p\000o\000s\000i\000t\000e\000\040\000m\000a\000s\000s\000e\000s\000\040\000a\000n\000d\000\040\000t\000h\000e\000\040\000p\000a\000t\000h\000\040\000t\000o\000\040\000p\000r\000e\000d\000i\000c\000t\000i\000o\000n\000s}{subsection.1.7}% 59
\BOOKMARK [3][-]{subsubsection.1.7.17}{\376\377\0006\000.\0001\0007\000\040\000G\000a\000u\000g\000e\000\040\000u\000n\000i\000f\000i\000c\000a\000t\000i\000o\000n\000\040\000a\000n\000d\000\040\000s\000p\000e\000c\000t\000r\000u\000m\000\040\000c\000o\000n\000s\000t\000r\000a\000i\000n\000t\000s}{subsection.1.7}% 60
\BOOKMARK [3][-]{subsubsection.1.7.18}{\376\377\0006\000.\0001\0008\000\040\000T\000h\000e\000\040\000Z\040\206\000\040\000q\000u\000o\000t\000i\000e\000n\000t\000:\000\040\000e\000d\000g\000e\000-\000s\000e\000c\000t\000o\000r\000\040\000s\000e\000l\000e\000c\000t\000i\000o\000n\000\040\000r\000u\000l\000e\000s\000\040\000a\000n\000d\000\040\000e\000n\000t\000r\000o\000p\000y\000\040\000d\000e\000f\000i\000c\000i\000t}{subsection.1.7}% 61
\BOOKMARK [3][-]{subsubsection.1.7.19}{\376\377\0006\000.\0001\0009\000\040\000E\000l\000e\000c\000t\000r\000o\000w\000e\000a\000k\000\040\000s\000c\000a\000l\000e\000\040\000f\000r\000o\000m\000\040\000d\000i\000m\000e\000n\000s\000i\000o\000n\000a\000l\000\040\000t\000r\000a\000n\000s\000m\000u\000t\000a\000t\000i\000o\000n}{subsection.1.7}% 62
\BOOKMARK [3][-]{subsubsection.1.7.20}{\376\377\0006\000.\0002\0000\000\040\000T\000o\000p\000\040\000q\000u\000a\000r\000k\000\040\000m\000a\000s\000s\000\040\000f\000r\000o\000m\000\040\000o\000r\000d\000e\000r\000-\000o\000n\000e\000\040\000Y\000u\000k\000a\000w\000a}{subsection.1.7}% 63
\BOOKMARK [3][-]{subsubsection.1.7.21}{\376\377\0006\000.\0002\0001\000\040\000Y\000u\000k\000a\000w\000a\000\040\000h\000i\000e\000r\000a\000r\000c\000h\000y\000\040\000f\000r\000o\000m\000\040\000Z\040\206\000\040\000d\000e\000f\000e\000c\000t\000\040\000s\000u\000p\000p\000r\000e\000s\000s\000i\000o\000n}{subsection.1.7}% 64
\BOOKMARK [3][-]{subsubsection.1.7.22}{\376\377\0006\000.\0002\0002\000\040\000H\000i\000g\000g\000s\000\040\000m\000a\000s\000s\000\040\000f\000r\000o\000m\000\040\000c\000r\000i\000t\000i\000c\000a\000l\000\040\000s\000u\000r\000f\000a\000c\000e\000\040\000c\000o\000n\000s\000t\000r\000a\000i\000n\000t}{subsection.1.7}% 65
\BOOKMARK [3][-]{subsubsection.1.7.23}{\376\377\0006\000.\0002\0003\000\040\000R\000i\000g\000o\000r\000o\000u\000s\000\040\000d\000e\000r\000i\000v\000a\000t\000i\000o\000n\000\040\000c\000h\000a\000i\000n\000:\000\040\000a\000x\000i\000o\000m\000s\000\040\000t\000o\000\040\000p\000r\000e\000d\000i\000c\000t\000i\000o\000n\000s}{subsection.1.7}% 66
\BOOKMARK [2][-]{subsection.1.8}{\376\377\0007\000.\000\040\000O\000p\000e\000n\000\040\000Q\000u\000e\000s\000t\000i\000o\000n\000s}{section.1}% 67
\BOOKMARK [2][-]{subsection.1.9}{\376\377\0008\000.\000\040\000C\000r\000i\000t\000i\000c\000a\000l\000\040\000E\000v\000a\000l\000u\000a\000t\000i\000o\000n}{section.1}% 68
\BOOKMARK [3][-]{subsubsection.1.9.1}{\376\377\0008\000.\0001\000\040\000C\000l\000a\000s\000s\000i\000f\000i\000c\000a\000t\000i\000o\000n\000\040\000o\000f\000\040\000r\000e\000s\000u\000l\000t\000s}{subsection.1.9}% 69
\BOOKMARK [3][-]{subsubsection.1.9.2}{\376\377\0008\000.\0002\000\040\000S\000t\000r\000u\000c\000t\000u\000r\000a\000l\000\040\000a\000s\000s\000e\000s\000s\000m\000e\000n\000t}{subsection.1.9}% 70
\BOOKMARK [3][-]{subsubsection.1.9.3}{\376\377\0008\000.\0003\000\040\000N\000o\000v\000e\000l\000\040\000t\000e\000s\000t\000a\000b\000l\000e\000\040\000p\000r\000e\000d\000i\000c\000t\000i\000o\000n\000s}{subsection.1.9}% 71
\BOOKMARK [3][-]{subsubsection.1.9.4}{\376\377\0008\000.\0004\000\040\000W\000h\000a\000t\000\040\000i\000s\000\040\000n\000o\000t\000\040\000p\000r\000e\000d\000i\000c\000t\000e\000d\000\040\000\050\000g\000a\000p\000s\000\051}{subsection.1.9}% 72
\BOOKMARK [3][-]{subsubsection.1.9.5}{\376\377\0008\000.\0005\000\040\000C\000o\000m\000p\000a\000r\000i\000s\000o\000n\000\040\000w\000i\000t\000h\000\040\000o\000t\000h\000e\000r\000\040\000u\000n\000i\000f\000i\000c\000a\000t\000i\000o\000n\000\040\000a\000p\000p\000r\000o\000a\000c\000h\000e\000s}{subsection.1.9}% 73
\BOOKMARK [2][-]{subsection.1.10}{\376\377\000R\000e\000f\000e\000r\000e\000n\000c\000e\000s}{section.1}% 74
\BOOKMARK [3][-]{subsubsection.1.10.1}{\376\377\000F\000o\000u\000n\000d\000a\000t\000i\000o\000n\000a\000l\000\040\000r\000e\000s\000u\000l\000t\000s\000\040\000u\000s\000e\000d\000\040\000i\000n\000\040\000t\000h\000i\000s\000\040\000w\000o\000r\000k}{subsection.1.10}% 75
\BOOKMARK [3][-]{subsubsection.1.10.2}{\376\377\000S\000t\000a\000n\000d\000a\000r\000d\000\040\000M\000o\000d\000e\000l\000\040\000a\000n\000d\000\040\000u\000n\000i\000f\000i\000c\000a\000t\000i\000o\000n\000\040\000\050\000b\000o\000r\000r\000o\000w\000e\000d\000\040\000r\000e\000s\000u\000l\000t\000s\000\051}{subsection.1.10}% 76
\BOOKMARK [0][-]{part.2}{\376\377\000I\000I\000\040\000G\000a\000u\000g\000e\000\040\000G\000r\000o\000u\000p\000\040\000D\000e\000r\000i\000v\000a\000t\000i\000o\000n}{}% 77
\BOOKMARK [1][-]{section.2}{\376\377\000G\000a\000u\000g\000e\000\040\000G\000r\000o\000u\000p\000\040\000D\000e\000r\000i\000v\000a\000t\000i\000o\000n\000:\000\040\000W\000h\000y\000\040\000t\000h\000e\000\040\000S\000t\000a\000n\000d\000a\000r\000d\000\040\000M\000o\000d\000e\000l\000\040\000I\000s\000\040\000I\000n\000e\000v\000i\000t\000a\000b\000l\000e}{part.2}% 78
\BOOKMARK [2][-]{subsection.2.1}{\376\377\0001\000.\000\040\000P\000r\000e\000m\000i\000s\000e\000\040\000S\000u\000m\000m\000a\000r\000y}{section.2}% 79
\BOOKMARK [3][-]{subsubsection.2.1.1}{\376\377\0001\000.\0001\000\040\000T\000h\000e\000\040\000E\000x\000t\000e\000n\000d\000e\000d\000\040\000T\000h\000e\000o\000r\000y}{subsection.2.1}% 80
\BOOKMARK [3][-]{subsubsection.2.1.2}{\376\377\0001\000.\0002\000\040\000W\000h\000a\000t\000\040\000t\000h\000e\000\040\000C\000o\000r\000e\000\040\000A\000l\000r\000e\000a\000d\000y\000\040\000P\000r\000o\000v\000e\000s}{subsection.2.1}% 81
\BOOKMARK [3][-]{subsubsection.2.1.3}{\376\377\0001\000.\0003\000\040\000T\000h\000e\000\040\000T\000r\000a\000n\000s\000p\000o\000r\000t\000a\000b\000i\000l\000i\000t\000y\000\040\000P\000r\000e\000m\000i\000s\000e}{subsection.2.1}% 82
\BOOKMARK [2][-]{subsection.2.2}{\376\377\0002\000.\000\040\000A\000d\000m\000i\000s\000s\000i\000b\000i\000l\000i\000t\000y\000\040\000C\000o\000n\000d\000i\000t\000i\000o\000n\000s}{section.2}% 83
\BOOKMARK [3][-]{subsubsection.2.2.1}{\376\377\000\050\000i\000\051\000\040\000L\000o\000o\000p\000-\000c\000o\000h\000e\000r\000e\000n\000t\000\040\000/\000\040\000t\000r\000a\000n\000s\000p\000o\000r\000t\000a\000b\000l\000e}{subsection.2.2}% 84
\BOOKMARK [3][-]{subsubsection.2.2.2}{\376\377\000\050\000i\000i\000\051\000\040\000A\000n\000o\000m\000a\000l\000y\000-\000f\000r\000e\000e}{subsection.2.2}% 85
\BOOKMARK [3][-]{subsubsection.2.2.3}{\376\377\000\050\000i\000i\000i\000\051\000\040\000R\000e\000f\000i\000n\000e\000m\000e\000n\000t\000-\000s\000t\000a\000b\000l\000e\000\040\000w\000i\000t\000h\000\040\000l\000i\000g\000h\000t\000\040\000c\000h\000i\000r\000a\000l\000\040\000m\000a\000t\000t\000e\000r}{subsection.2.2}% 86
\BOOKMARK [3][-]{subsubsection.2.2.4}{\376\377\000\050\000i\000v\000\051\000\040\000S\000i\000n\000g\000l\000e\000-\000H\000i\000g\000g\000s\000\040\000Y\000u\000k\000a\000w\000a\000-\000c\000o\000m\000p\000l\000e\000t\000a\000b\000l\000e}{subsection.2.2}% 87
\BOOKMARK [3][-]{subsubsection.2.2.5}{\376\377\000\050\000v\000\051\000\040\000I\000n\000t\000r\000i\000n\000s\000i\000c\000a\000l\000l\000y\000\040\000C\000P\000-\000c\000a\000p\000a\000b\000l\000e}{subsection.2.2}% 88
\BOOKMARK [3][-]{subsubsection.2.2.6}{\376\377\000\050\000v\000i\000\051\000\040\000W\000e\000a\000k\000-\000s\000e\000c\000t\000o\000r\000\040\000U\000V\000-\000c\000o\000m\000p\000l\000e\000t\000a\000b\000l\000e}{subsection.2.2}% 89
\BOOKMARK [2][-]{subsection.2.3}{\376\377\0003\000.\000\040\000S\000e\000l\000e\000c\000t\000i\000o\000n\000\040\000A\000x\000i\000o\000m\000\040\000M\000A\000R}{section.2}% 90
\BOOKMARK [2][-]{subsection.2.4}{\376\377\0004\000.\000\040\000M\000a\000i\000n\000\040\000T\000h\000e\000o\000r\000e\000m}{section.2}% 91
\BOOKMARK [2][-]{subsection.2.5}{\376\377\0005\000.\000\040\000P\000r\000o\000o\000f\000:\000\040\000G\000a\000u\000g\000e\000\040\000G\000r\000o\000u\000p}{section.2}% 92
\BOOKMARK [3][-]{subsubsection.2.5.1}{\376\377\000S\000t\000e\000p\000\040\0001\000:\000\040\000S\000o\000m\000e\000\040\000c\000o\000m\000p\000a\000c\000t\000\040\000g\000r\000o\000u\000p\000\040\000e\000x\000i\000s\000t\000s}{subsection.2.5}% 93
\BOOKMARK [3][-]{subsubsection.2.5.2}{\376\377\000S\000t\000e\000p\000\040\0002\000:\000\040\000T\000h\000e\000\040\000g\000a\000u\000g\000e\000\040\000g\000r\000o\000u\000p\000\040\000m\000u\000s\000t\000\040\000b\000e\000\040\000a\000\040\000p\000r\000o\000d\000u\000c\000t}{subsection.2.5}% 94
\BOOKMARK [3][-]{subsubsection.2.5.3}{\376\377\000S\000t\000e\000p\000\040\0003\000:\000\040\000T\000h\000e\000\040\000f\000a\000c\000t\000o\000r\000s\000\040\000a\000r\000e\000\040\000S\000U\000\050\0003\000\051\000,\000\040\000S\000U\000\050\0002\000\051\000,\000\040\000a\000n\000d\000\040\000U\000\050\0001\000\051}{subsection.2.5}% 95
\BOOKMARK [3][-]{subsubsection.2.5.4}{\376\377\000S\000t\000e\000p\000\040\0004\000:\000\040\000N\000o\000t\000h\000i\000n\000g\000\040\000e\000l\000s\000e\000\040\000,\000\040\000t\000h\000e\000\040\000c\000o\000m\000m\000u\000t\000a\000n\000t\000\040\000a\000r\000g\000u\000m\000e\000n\000t}{subsection.2.5}% 96
\BOOKMARK [3][-]{subsubsection.2.5.5}{\376\377\000S\000t\000e\000p\000\040\0005\000:\000\040\000T\000h\000e\000\040\000g\000l\000o\000b\000a\000l\000\040\000q\000u\000o\000t\000i\000e\000n\000t\000\040\000i\000s\000\040\000\134\000m\000a\000t\000h\000b\000b\000\173\000Z\000\175\000\137\0006}{subsection.2.5}% 97
\BOOKMARK [3][-]{subsubsection.2.5.6}{\376\377\000S\000u\000m\000m\000a\000r\000y\000\040\000o\000f\000\040\000S\000t\000e\000p\000\040\0001\040\023\0005}{subsection.2.5}% 98
\BOOKMARK [2][-]{subsection.2.6}{\376\377\0006\000.\000\040\000P\000r\000o\000o\000f\000:\000\040\000N\000u\000m\000b\000e\000r\000\040\000o\000f\000\040\000C\000o\000l\000o\000r\000s}{section.2}% 99
\BOOKMARK [2][-]{subsection.2.7}{\376\377\0007\000.\000\040\000P\000r\000o\000o\000f\000:\000\040\000N\000u\000m\000b\000e\000r\000\040\000o\000f\000\040\000G\000e\000n\000e\000r\000a\000t\000i\000o\000n\000s}{section.2}% 100
\BOOKMARK [2][-]{subsection.2.8}{\376\377\0008\000.\000\040\000C\000o\000r\000o\000l\000l\000a\000r\000i\000e\000s}{section.2}% 101
\BOOKMARK [3][-]{subsubsection.2.8.1}{\376\377\000C\000o\000r\000o\000l\000l\000a\000r\000y\000\040\0001\000:\000\040\000N\000o\000\040\000g\000a\000u\000g\000e\000-\000m\000e\000d\000i\000a\000t\000e\000d\000\040\000p\000r\000o\000t\000o\000n\000\040\000d\000e\000c\000a\000y}{subsection.2.8}% 102
\BOOKMARK [3][-]{subsubsection.2.8.2}{\376\377\000C\000o\000r\000o\000l\000l\000a\000r\000y\000\040\0002\000:\000\040\000U\000n\000i\000q\000u\000e\000n\000e\000s\000s}{subsection.2.8}% 103
\BOOKMARK [3][-]{subsubsection.2.8.3}{\376\377\000C\000o\000r\000o\000l\000l\000a\000r\000y\000\040\0003\000:\000\040\000H\000y\000p\000e\000r\000c\000h\000a\000r\000g\000e\000\040\000q\000u\000a\000n\000t\000i\000z\000a\000t\000i\000o\000n}{subsection.2.8}% 104
\BOOKMARK [2][-]{subsection.2.9}{\376\377\0009\000.\000\040\000C\000o\000m\000p\000l\000e\000t\000e\000\040\000D\000e\000r\000i\000v\000a\000t\000i\000o\000n\000\040\000C\000h\000a\000i\000n}{section.2}% 105
\BOOKMARK [2][-]{subsection.2.10}{\376\377\0001\0000\000.\000\040\000F\000u\000t\000u\000r\000e\000\040\000W\000o\000r\000k}{section.2}% 106
\BOOKMARK [0][-]{part.3}{\376\377\000I\000I\000I\000\040\000S\000p\000e\000c\000t\000r\000u\000m\000\040\000D\000e\000r\000i\000v\000a\000t\000i\000o\000n}{}% 107
\BOOKMARK [1][-]{section.3}{\376\377\000F\000r\000o\000m\000\040\000P\000i\000x\000e\000l\000\040\000A\000r\000e\000a\000\040\000t\000o\000\040\000P\000a\000r\000t\000i\000c\000l\000e\000\040\000M\000a\000s\000s\000e\000s\000:\000\040\000T\000h\000e\000\040\000C\000o\000m\000p\000l\000e\000t\000e\000\040\000O\000P\000H\000\040\000S\000p\000e\000c\000t\000r\000u\000m\000\040\000D\000e\000r\000i\000v\000a\000t\000i\000o\000n}{part.3}% 108
\BOOKMARK [2][-]{subsection.3.1}{\376\377\0001\000.\000\040\000I\000n\000p\000u\000t\000s\000\040\000a\000n\000d\000\040\000C\000o\000n\000t\000r\000a\000c\000t}{section.3}% 109
\BOOKMARK [3][-]{subsubsection.3.1.1}{\376\377\0001\000.\0001\000\040\000P\000h\000y\000s\000i\000c\000a\000l\000\040\000I\000n\000p\000u\000t\000s}{subsection.3.1}% 110
\BOOKMARK [3][-]{subsubsection.3.1.2}{\376\377\0001\000.\0002\000\040\000W\000h\000a\000t\000\040\000C\000o\000u\000n\000t\000s\000\040\000a\000s\000\040\000"\000D\000e\000r\000i\000v\000e\000d\000"}{subsection.3.1}% 111
\BOOKMARK [3][-]{subsubsection.3.1.3}{\376\377\0001\000.\0003\000\040\000N\000o\000-\000C\000h\000e\000a\000t\000\040\000G\000u\000a\000r\000a\000n\000t\000e\000e}{subsection.3.1}% 112
\BOOKMARK [2][-]{subsection.3.2}{\376\377\0001\000A\000.\000\040\000C\000o\000m\000p\000l\000e\000t\000e\000\040\000A\000u\000d\000i\000t\000\040\000o\000f\000\040\000A\000l\000l\000\040\000C\000o\000n\000s\000t\000a\000n\000t\000s}{section.3}% 113
\BOOKMARK [3][-]{subsubsection.3.2.1}{\376\377\0001\000A\000.\0001\000\040\000T\000h\000e\000\040\000P\000h\000y\000s\000i\000c\000a\000l\000\040\000I\000n\000p\000u\000t}{subsection.3.2}% 114
\BOOKMARK [3][-]{subsubsection.3.2.2}{\376\377\0001\000A\000.\0002\000\040\000S\000t\000r\000u\000c\000t\000u\000r\000a\000l\000\040\000I\000n\000t\000e\000g\000e\000r\000s\000\040\000D\000e\000r\000i\000v\000e\000d\000\040\000f\000r\000o\000m\000\040\000A\000x\000i\000o\000m\000s}{subsection.3.2}% 115
\BOOKMARK [3][-]{subsubsection.3.2.3}{\376\377\0001\000A\000.\0003\000\040\000S\000t\000a\000n\000d\000a\000r\000d\000\040\000Q\000F\000T\000\040\000C\000o\000n\000s\000t\000a\000n\000t\000s\000\040\000\050\000F\000i\000x\000e\000d\000\040\000b\000y\000\040\000t\000h\000e\000\040\000G\000a\000u\000g\000e\000\040\000G\000r\000o\000u\000p\000\040\000+\000\040\000M\000a\000t\000t\000e\000r\000\040\000C\000o\000n\000t\000e\000n\000t\000\051}{subsection.3.2}% 116
\BOOKMARK [3][-]{subsubsection.3.2.4}{\376\377\0001\000A\000.\0004\000\040\000D\000i\000m\000e\000n\000s\000i\000o\000n\000a\000l\000/\000D\000e\000f\000i\000n\000i\000t\000i\000o\000n\000a\000l\000\040\000C\000o\000n\000s\000t\000a\000n\000t\000s}{subsection.3.2}% 117
\BOOKMARK [3][-]{subsubsection.3.2.5}{\376\377\0001\000A\000.\0005\000\040\000N\000u\000m\000e\000r\000i\000c\000a\000l\000-\000M\000e\000t\000h\000o\000d\000\040\000P\000a\000r\000a\000m\000e\000t\000e\000r\000s}{subsection.3.2}% 118
\BOOKMARK [3][-]{subsubsection.3.2.6}{\376\377\0001\000A\000.\0006\000\040\000S\000u\000m\000m\000a\000r\000y\000:\000\040\000W\000h\000a\000t\000\040\000I\000s\000\040\000a\000n\000d\000\040\000I\000s\000n\000\047\000t\000\040\000A\000s\000s\000u\000m\000e\000d}{subsection.3.2}% 119
\BOOKMARK [2][-]{subsection.3.3}{\376\377\0002\000.\000\040\000S\000t\000a\000g\000e\000\040\0001\000:\000\040\000F\000u\000n\000d\000a\000m\000e\000n\000t\000a\000l\000\040\000S\000c\000a\000l\000e\000s}{section.3}% 120
\BOOKMARK [3][-]{subsubsection.3.3.1}{\376\377\0002\000.\0001\000\040\000U\000n\000i\000f\000i\000c\000a\000t\000i\000o\000n\000\040\000S\000c\000a\000l\000e}{subsection.3.3}% 121
\BOOKMARK [3][-]{subsubsection.3.3.2}{\376\377\0002\000.\0002\000\040\000C\000e\000l\000l\000\040\000E\000n\000e\000r\000g\000y\000\040\000S\000c\000a\000l\000e}{subsection.3.3}% 122
\BOOKMARK [2][-]{subsection.3.4}{\376\377\0003\000.\000\040\000S\000t\000a\000g\000e\000\040\0002\000:\000\040\000G\000a\000u\000g\000e\000\040\000C\000l\000o\000s\000u\000r\000e\000\040\000a\000n\000d\000\040\000t\000h\000e\000\040\000P\000i\000x\000e\000l\000\040\000C\000o\000n\000s\000t\000r\000a\000i\000n\000t}{section.3}% 123
\BOOKMARK [3][-]{subsubsection.3.4.1}{\376\377\0003\000.\0001\000\040\000T\000h\000e\000\040\000H\000e\000a\000t\000-\000K\000e\000r\000n\000e\000l\000\040\000E\000n\000t\000r\000o\000p\000y}{subsection.3.4}% 124
\BOOKMARK [3][-]{subsubsection.3.4.2}{\376\377\0003\000.\0002\000\040\000T\000h\000e\000\040\000P\000i\000x\000e\000l\000\040\000C\000o\000n\000s\000t\000r\000a\000i\000n\000t}{subsection.3.4}% 125
\BOOKMARK [3][-]{subsubsection.3.4.3}{\376\377\0003\000.\0003\000\040\000G\000a\000u\000g\000e\000\040\000R\000u\000n\000n\000i\000n\000g\000\040\000a\000n\000d\000\040\000t\000h\000e\000\040\000\134\000a\000l\000p\000h\000a\000\137\000U\000\040\000S\000o\000l\000u\000t\000i\000o\000n}{subsection.3.4}% 126
\BOOKMARK [3][-]{subsubsection.3.4.4}{\376\377\0003\000.\0004\000\040\000S\000e\000l\000f\000-\000C\000o\000n\000s\000i\000s\000t\000e\000n\000t\000\040\000F\000i\000x\000e\000d\000\040\000P\000o\000i\000n\000t}{subsection.3.4}% 127
\BOOKMARK [2][-]{subsection.3.5}{\376\377\0004\000.\000\040\000S\000t\000a\000g\000e\000\040\0003\000:\000\040\000E\000l\000e\000c\000t\000r\000o\000w\000e\000a\000k\000\040\000O\000b\000s\000e\000r\000v\000a\000b\000l\000e\000s}{section.3}% 128
\BOOKMARK [3][-]{subsubsection.3.5.1}{\376\377\0004\000.\0001\000\040\000Z\000\040\000B\000o\000s\000o\000n\000\040\000P\000o\000l\000e\000\040\000M\000a\000s\000s}{subsection.3.5}% 129
\BOOKMARK [3][-]{subsubsection.3.5.2}{\376\377\0004\000.\0002\000\040\000W\000\040\000B\000o\000s\000o\000n\000\040\000M\000a\000s\000s}{subsection.3.5}% 130
\BOOKMARK [2][-]{subsection.3.6}{\376\377\0005\000.\000\040\000S\000t\000a\000g\000e\000\040\0004\000:\000\040\000C\000r\000i\000t\000i\000c\000a\000l\000\040\000S\000u\000r\000f\000a\000c\000e\000\040\000,\000\040\000H\000i\000g\000g\000s\000\040\000a\000n\000d\000\040\000T\000o\000p}{section.3}% 131
\BOOKMARK [3][-]{subsubsection.3.6.1}{\376\377\0005\000.\0001\000\040\000T\000h\000e\000\040\000C\000r\000i\000t\000i\000c\000a\000l\000\040\000S\000u\000r\000f\000a\000c\000e\000\040\000C\000o\000n\000s\000t\000r\000a\000i\000n\000t}{subsection.3.6}% 132
\BOOKMARK [3][-]{subsubsection.3.6.2}{\376\377\0005\000.\0002\000\040\000R\000G\000\040\000E\000v\000o\000l\000u\000t\000i\000o\000n\000\040\000t\000o\000\040\000L\000o\000w\000\040\000S\000c\000a\000l\000e\000s}{subsection.3.6}% 133
\BOOKMARK [3][-]{subsubsection.3.6.3}{\376\377\0005\000.\0003\000\040\000T\000o\000p\000\040\000M\000a\000s\000s}{subsection.3.6}% 134
\BOOKMARK [3][-]{subsubsection.3.6.4}{\376\377\0005\000.\0004\000\040\000H\000i\000g\000g\000s\000\040\000M\000a\000s\000s}{subsection.3.6}% 135
\BOOKMARK [2][-]{subsection.3.7}{\376\377\0006\000.\000\040\000S\000t\000a\000g\000e\000\040\0005\000:\000\040\000D\000i\000s\000c\000r\000e\000t\000e\000\040\000S\000p\000e\000c\000t\000r\000u\000m\000\040\000,\000\040\000Q\000u\000a\000r\000k\000s\000\040\000a\000n\000d\000\040\000L\000e\000p\000t\000o\000n\000s}{section.3}% 136
\BOOKMARK [3][-]{subsubsection.3.7.1}{\376\377\0006\000.\0001\000\040\000T\000h\000e\000\040\000\134\000m\000a\000t\000h\000b\000b\000\173\000Z\000\175\000\137\0006\000\040\000D\000e\000f\000e\000c\000t\000\040\000P\000a\000r\000a\000m\000e\000t\000e\000r}{subsection.3.7}% 137
\BOOKMARK [3][-]{subsubsection.3.7.2}{\376\377\0006\000.\0002\000\040\000I\000n\000t\000e\000g\000e\000r\000\040\000E\000x\000p\000o\000n\000e\000n\000t\000s\000\040\000\050\000A\000l\000g\000o\000r\000i\000t\000h\000m\000i\000c\000a\000l\000l\000y\000\040\000D\000e\000r\000i\000v\000e\000d\000\051}{subsection.3.7}% 138
\BOOKMARK [3][-]{subsubsection.3.7.3}{\376\377\0006\000.\0003\000\040\000T\000h\000e\000\040\000K\000o\000i\000d\000e\000\040\000P\000h\000a\000s\000e}{subsection.3.7}% 139
\BOOKMARK [3][-]{subsubsection.3.7.4}{\376\377\0006\000.\0004\000\040\000D\000i\000a\000g\000o\000n\000a\000l\000\040\000Q\000u\000a\000r\000k\000\040\000M\000a\000s\000s\000e\000s}{subsection.3.7}% 140
\BOOKMARK [3][-]{subsubsection.3.7.5}{\376\377\0006\000.\0005\000\040\000C\000K\000M\000\040\000M\000i\000x\000i\000n\000g}{subsection.3.7}% 141
\BOOKMARK [3][-]{subsubsection.3.7.6}{\376\377\0006\000.\0006\000\040\000C\000h\000a\000r\000g\000e\000d\000\040\000L\000e\000p\000t\000o\000n\000\040\000M\000a\000s\000s\000e\000s}{subsection.3.7}% 142
\BOOKMARK [2][-]{subsection.3.8}{\376\377\0007\000.\000\040\000S\000t\000a\000g\000e\000\040\0006\000:\000\040\000Q\000C\000D\000\040\000S\000c\000a\000l\000e\000\040\000a\000n\000d\000\040\000H\000a\000d\000r\000o\000n\000\040\000M\000a\000s\000s\000e\000s}{section.3}% 143
\BOOKMARK [3][-]{subsubsection.3.8.1}{\376\377\0007\000.\0001\000\040\000\134\000L\000a\000m\000b\000d\000a\000\137\000\173\000\134\000o\000v\000e\000r\000l\000i\000n\000e\000\173\000\134\000t\000e\000x\000t\000\173\000M\000S\000\175\000\175\000\175\000\040\000f\000r\000o\000m\000\040\000\134\000a\000l\000p\000h\000a\000\137\000s\000\050\000m\000\137\000Z\000\051}{subsection.3.8}% 144
\BOOKMARK [3][-]{subsubsection.3.8.2}{\376\377\0007\000.\0002\000\040\000H\000a\000d\000r\000o\000n\000\040\000M\000a\000s\000s\000e\000s}{subsection.3.8}% 145
\BOOKMARK [2][-]{subsection.3.9}{\376\377\0008\000.\000\040\000S\000t\000a\000g\000e\000\040\0007\000:\000\040\000N\000e\000u\000t\000r\000i\000n\000o\000\040\000M\000a\000s\000s\000e\000s}{section.3}% 146
\BOOKMARK [3][-]{subsubsection.3.9.1}{\376\377\0008\000.\0001\000\040\000T\000h\000e\000\040\000C\000a\000p\000a\000c\000i\000t\000y\000\040\000M\000o\000d\000e\000l}{subsection.3.9}% 147
\BOOKMARK [2][-]{subsection.3.10}{\376\377\0009\000.\000\040\000M\000a\000s\000s\000l\000e\000s\000s\000\040\000P\000a\000r\000t\000i\000c\000l\000e\000s}{section.3}% 148
\BOOKMARK [2][-]{subsection.3.11}{\376\377\0001\0000\000.\000\040\000C\000o\000m\000p\000l\000e\000t\000e\000\040\000S\000p\000e\000c\000t\000r\000u\000m\000:\000\040\000P\000r\000e\000d\000i\000c\000t\000i\000o\000n\000s\000\040\000v\000s\000\040\000P\000D\000G}{section.3}% 149
\BOOKMARK [3][-]{subsubsection.3.11.1}{\376\377\0001\0000\000.\0001\000\040\000G\000a\000u\000g\000e\000\040\000B\000o\000s\000o\000n\000s\000\040\000a\000n\000d\000\040\000H\000i\000g\000g\000s}{subsection.3.11}% 150
\BOOKMARK [3][-]{subsubsection.3.11.2}{\376\377\0001\0000\000.\0002\000\040\000C\000h\000a\000r\000g\000e\000d\000\040\000L\000e\000p\000t\000o\000n\000s}{subsection.3.11}% 151
\BOOKMARK [3][-]{subsubsection.3.11.3}{\376\377\0001\0000\000.\0003\000\040\000N\000e\000u\000t\000r\000i\000n\000o\000s}{subsection.3.11}% 152
\BOOKMARK [3][-]{subsubsection.3.11.4}{\376\377\0001\0000\000.\0004\000\040\000Q\000u\000a\000r\000k\000s}{subsection.3.11}% 153
\BOOKMARK [3][-]{subsubsection.3.11.5}{\376\377\0001\0000\000.\0005\000\040\000G\000a\000u\000g\000e\000\040\000C\000o\000u\000p\000l\000i\000n\000g\000s\000\040\000a\000t\000\040\000m\000\137\000Z}{subsection.3.11}% 154
\BOOKMARK [3][-]{subsubsection.3.11.6}{\376\377\0001\0000\000.\0006\000\040\000D\000e\000r\000i\000v\000e\000d\000\040\000S\000c\000a\000l\000e\000s}{subsection.3.11}% 155
\BOOKMARK [3][-]{subsubsection.3.11.7}{\376\377\0001\0000\000.\0007\000\040\000H\000a\000d\000r\000o\000n\000\040\000M\000a\000s\000s\000e\000s}{subsection.3.11}% 156
\BOOKMARK [2][-]{subsection.3.12}{\376\377\0001\0001\000.\000\040\000A\000n\000a\000l\000y\000s\000i\000s\000\040\000o\000f\000\040\000D\000i\000s\000c\000r\000e\000p\000a\000n\000c\000i\000e\000s}{section.3}% 157
\BOOKMARK [3][-]{subsubsection.3.12.1}{\376\377\0001\0001\000.\0001\000\040\000E\000x\000c\000e\000l\000l\000e\000n\000t\000\040\000A\000g\000r\000e\000e\000m\000e\000n\000t\000\040\000\050\000<\000\040\0000\000.\0001\000\045\000\051}{subsection.3.12}% 158
\BOOKMARK [3][-]{subsubsection.3.12.2}{\376\377\0001\0001\000.\0002\000\040\000G\000o\000o\000d\000\040\000A\000g\000r\000e\000e\000m\000e\000n\000t\000\040\000\050\0000\000.\0001\000\045\000\040\040\023\000\040\0002\000\045\000\051}{subsection.3.12}% 159
\BOOKMARK [3][-]{subsubsection.3.12.3}{\376\377\0001\0001\000.\0003\000\040\000Q\000u\000a\000l\000i\000t\000a\000t\000i\000v\000e\000\040\000A\000g\000r\000e\000e\000m\000e\000n\000t\000\040\000O\000n\000l\000y\000:\000\040\000Q\000u\000a\000r\000k\000\040\000M\000a\000s\000s\000e\000s\000\040\000\050\0001\0006\000\045\000\040\040\023\000\040\0007\0003\000\045\000\051}{subsection.3.12}% 160
\BOOKMARK [3][-]{subsubsection.3.12.4}{\376\377\0001\0001\000.\0004\000\040\000H\000a\000d\000r\000o\000n\000\040\000M\000a\000s\000s\000e\000s}{subsection.3.12}% 161
\BOOKMARK [3][-]{subsubsection.3.12.5}{\376\377\0001\0001\000.\0005\000\040\000N\000e\000u\000t\000r\000i\000n\000o\000s\000:\000\040\000N\000o\000\040\000D\000i\000r\000e\000c\000t\000\040\000C\000o\000m\000p\000a\000r\000i\000s\000o\000n\000\040\000A\000v\000a\000i\000l\000a\000b\000l\000e}{subsection.3.12}% 162
\BOOKMARK [2][-]{subsection.3.13}{\376\377\0001\0002\000.\000\040\000R\000e\000p\000r\000o\000d\000u\000c\000t\000i\000o\000n\000\040\000I\000n\000s\000t\000r\000u\000c\000t\000i\000o\000n\000s}{section.3}% 163
\BOOKMARK [3][-]{subsubsection.3.13.1}{\376\377\0001\0002\000.\0001\000\040\000P\000r\000e\000r\000e\000q\000u\000i\000s\000i\000t\000e\000s}{subsection.3.13}% 164
\BOOKMARK [3][-]{subsubsection.3.13.2}{\376\377\0001\0002\000.\0002\000\040\000C\000o\000d\000e\000\040\000F\000i\000l\000e\000s}{subsection.3.13}% 165
\BOOKMARK [3][-]{subsubsection.3.13.3}{\376\377\0001\0002\000.\0003\000\040\000R\000u\000n\000n\000i\000n\000g\000\040\000t\000h\000e\000\040\000F\000u\000l\000l\000\040\000P\000r\000e\000d\000i\000c\000t\000i\000o\000n}{subsection.3.13}% 166
\BOOKMARK [3][-]{subsubsection.3.13.4}{\376\377\0001\0002\000.\0004\000\040\000N\000o\000-\000C\000h\000e\000a\000t\000\040\000V\000e\000r\000i\000f\000i\000c\000a\000t\000i\000o\000n}{subsection.3.13}% 167
\BOOKMARK [3][-]{subsubsection.3.13.5}{\376\377\0001\0002\000.\0005\000\040\000I\000n\000d\000i\000v\000i\000d\000u\000a\000l\000\040\000S\000t\000a\000g\000e\000s}{subsection.3.13}% 168
\BOOKMARK [3][-]{subsubsection.3.13.6}{\376\377\0001\0002\000.\0005\000\040\000F\000e\000t\000c\000h\000i\000n\000g\000\040\000P\000D\000G\000\040\000R\000e\000f\000e\000r\000e\000n\000c\000e\000\040\000D\000a\000t\000a}{subsection.3.13}% 169
\BOOKMARK [2][-]{subsection.3.14}{\376\377\000S\000u\000m\000m\000a\000r\000y}{section.3}% 170
\BOOKMARK [0][-]{part.4}{\376\377\000I\000V\000\040\000S\000t\000r\000i\000n\000g\000-\000T\000h\000e\000o\000r\000y\000\040\000D\000e\000r\000i\000v\000a\000t\000i\000o\000n}{}% 171
\BOOKMARK [1][-]{section.4}{\376\377\000S\000t\000r\000i\000n\000g\000\040\000T\000h\000e\000o\000r\000y\000\040\000f\000r\000o\000m\000\040\000O\000b\000s\000e\000r\000v\000e\000r\000\040\000P\000a\000t\000c\000h\000\040\000H\000o\000l\000o\000g\000r\000a\000p\000h\000y}{part.4}% 172
\BOOKMARK [2][-]{subsection.4.1}{\376\377\000A\000\040\000C\000o\000m\000p\000l\000e\000t\000e\000\040\000D\000e\000r\000i\000v\000a\000t\000i\000o\000n}{section.4}% 173
\BOOKMARK [1][-]{section.5}{\376\377\0001\000.\000\040\000O\000v\000e\000r\000v\000i\000e\000w\000:\000\040\000W\000h\000a\000t\000\040\000W\000e\000\040\000D\000e\000r\000i\000v\000e}{part.4}% 174
\BOOKMARK [1][-]{section.6}{\376\377\0002\000.\000\040\000O\000P\000H\000\040\000I\000n\000p\000u\000t\000s\000\040\000U\000s\000e\000d}{part.4}% 175
\BOOKMARK [2][-]{subsection.6.1}{\376\377\0002\000.\0001\000\040\000C\000o\000r\000e\000\040\000A\000x\000i\000o\000m\000s}{section.6}% 176
\BOOKMARK [2][-]{subsection.6.2}{\376\377\0002\000.\0002\000\040\000R\000e\000g\000u\000l\000a\000t\000o\000r\000\040\000P\000r\000e\000m\000i\000s\000e\000s}{section.6}% 177
\BOOKMARK [2][-]{subsection.6.3}{\376\377\0002\000.\0003\000\040\000K\000e\000y\000\040\000D\000e\000r\000i\000v\000e\000d\000\040\000R\000e\000s\000u\000l\000t\000s}{section.6}% 178
\BOOKMARK [1][-]{section.7}{\376\377\0003\000.\000\040\000E\000i\000n\000s\000t\000e\000i\000n\000\040\000E\000q\000u\000a\000t\000i\000o\000n\000\040\000f\000r\000o\000m\000\040\000E\000n\000t\000a\000n\000g\000l\000e\000m\000e\000n\000t\000\040\000E\000q\000u\000i\000l\000i\000b\000r\000i\000u\000m}{part.4}% 179
\BOOKMARK [2][-]{subsection.7.1}{\376\377\0003\000.\0001\000\040\000S\000e\000t\000u\000p\000:\000\040\000N\000u\000l\000l\000\040\000D\000e\000f\000o\000r\000m\000a\000t\000i\000o\000n\000\040\000P\000r\000o\000b\000l\000e\000m}{section.7}% 180
\BOOKMARK [2][-]{subsection.7.2}{\376\377\0003\000.\0002\000\040\000G\000e\000n\000e\000r\000a\000l\000i\000z\000e\000d\000\040\000E\000n\000t\000r\000o\000p\000y\000\040\000V\000a\000r\000i\000a\000t\000i\000o\000n}{section.7}% 181
\BOOKMARK [2][-]{subsection.7.3}{\376\377\0003\000.\0003\000\040\000A\000r\000e\000a\000\040\000V\000a\000r\000i\000a\000t\000i\000o\000n\000\040\000v\000i\000a\000\040\000R\000a\000y\000c\000h\000a\000u\000d\000h\000u\000r\000i}{section.7}% 182
\BOOKMARK [2][-]{subsection.7.4}{\376\377\0003\000.\0004\000\040\000B\000u\000l\000k\000\040\000E\000n\000t\000r\000o\000p\000y\000\040\000V\000a\000r\000i\000a\000t\000i\000o\000n\000\040\000v\000i\000a\000\040\000M\000o\000d\000u\000l\000a\000r\000\040\000T\000h\000e\000o\000r\000y}{section.7}% 183
\BOOKMARK [2][-]{subsection.7.5}{\376\377\0003\000.\0005\000\040\000E\000n\000t\000a\000n\000g\000l\000e\000m\000e\000n\000t\000\040\000E\000q\000u\000i\000l\000i\000b\000r\000i\000u\000m\000\040\000I\000m\000p\000l\000i\000e\000s\000\040\000E\000i\000n\000s\000t\000e\000i\000n}{section.7}% 184
\BOOKMARK [2][-]{subsection.7.6}{\376\377\0003\000.\0006\000\040\000U\000p\000g\000r\000a\000d\000e\000\040\000t\000o\000\040\000F\000u\000l\000l\000\040\000E\000i\000n\000s\000t\000e\000i\000n\000\040\000E\000q\000u\000a\000t\000i\000o\000n}{section.7}% 185
\BOOKMARK [1][-]{section.8}{\376\377\0004\000.\000\040\000E\000d\000g\000e\000\040\000S\000e\000c\000t\000o\000r\000s\000\040\000a\000n\000d\000\040\0002\000D\000\040\000Y\000a\000n\000g\000-\000M\000i\000l\000l\000s}{part.4}% 186
\BOOKMARK [2][-]{subsection.8.1}{\376\377\0004\000.\0001\000\040\000E\000d\000g\000e\000-\000S\000e\000c\000t\000o\000r\000\040\000S\000t\000r\000u\000c\000t\000u\000r\000e}{section.8}% 187
\BOOKMARK [2][-]{subsection.8.2}{\376\377\0004\000.\0002\000\040\000H\000e\000a\000t\000-\000K\000e\000r\000n\000e\000l\000\040\000W\000e\000i\000g\000h\000t\000s\000\040\000f\000r\000o\000m\000\040\000M\000a\000x\000E\000n\000t}{section.8}% 188
\BOOKMARK [2][-]{subsection.8.3}{\376\377\0004\000.\0003\000\040\000E\000d\000g\000e\000\040\000P\000a\000r\000t\000i\000t\000i\000o\000n\000\040\000F\000u\000n\000c\000t\000i\000o\000n}{section.8}% 189
\BOOKMARK [2][-]{subsection.8.4}{\376\377\0004\000.\0004\000\040\000I\000d\000e\000n\000t\000i\000f\000i\000c\000a\000t\000i\000o\000n\000\040\000w\000i\000t\000h\000\040\000G\000r\000o\000u\000p\000\040\000H\000e\000a\000t\000\040\000K\000e\000r\000n\000e\000l}{section.8}% 190
\BOOKMARK [2][-]{subsection.8.5}{\376\377\0004\000.\0005\000\040\000G\000l\000u\000i\000n\000g\000\040\000=\000\040\000M\000a\000r\000k\000o\000v\000\040\000=\000\040\000A\000r\000e\000a\000\040\000A\000d\000d\000i\000t\000i\000v\000i\000t\000y}{section.8}% 191
\BOOKMARK [2][-]{subsection.8.6}{\376\377\0004\000.\0006\000\040\000E\000x\000a\000c\000t\000\040\000M\000a\000t\000c\000h\000\040\000w\000i\000t\000h\000\040\0002\000D\000\040\000Y\000a\000n\000g\000-\000M\000i\000l\000l\000s}{section.8}% 192
\BOOKMARK [1][-]{section.9}{\376\377\0005\000.\000\040\0002\000D\000\040\000Y\000a\000n\000g\000-\000M\000i\000l\000l\000s\000\040\000a\000s\000\040\000S\000t\000r\000i\000n\000g\000\040\000T\000h\000e\000o\000r\000y}{part.4}% 193
\BOOKMARK [2][-]{subsection.9.1}{\376\377\0005\000.\0001\000\040\000T\000h\000e\000\040\000G\000r\000o\000s\000s\000-\000T\000a\000y\000l\000o\000r\000\040\000E\000x\000p\000a\000n\000s\000i\000o\000n}{section.9}% 194
\BOOKMARK [2][-]{subsection.9.2}{\376\377\0005\000.\0002\000\040\000W\000o\000r\000l\000d\000s\000h\000e\000e\000t\000\040\000I\000n\000t\000e\000r\000p\000r\000e\000t\000a\000t\000i\000o\000n}{section.9}% 195
\BOOKMARK [2][-]{subsection.9.3}{\376\377\0005\000.\0003\000\040\000T\000h\000e\000\040\000L\000a\000r\000g\000e\000-\000N\000\040\000R\000e\000g\000i\000m\000e}{section.9}% 196
\BOOKMARK [2][-]{subsection.9.4}{\376\377\0005\000.\0004\000\040\000G\000e\000n\000u\000s\000\040\000E\000x\000p\000a\000n\000s\000i\000o\000n}{section.9}% 197
\BOOKMARK [1][-]{section.10}{\376\377\0006\000.\000\040\000W\000o\000r\000l\000d\000s\000h\000e\000e\000t\000\040\000K\000i\000n\000e\000m\000a\000t\000i\000c\000s\000\040\000f\000r\000o\000m\000\040\000M\000o\000d\000u\000l\000a\000r\000\040\000F\000l\000o\000w}{part.4}% 198
\BOOKMARK [2][-]{subsection.10.1}{\376\377\0006\000.\0001\000\040\000C\000o\000n\000f\000o\000r\000m\000a\000l\000\040\000S\000t\000r\000u\000c\000t\000u\000r\000e}{section.10}% 199
\BOOKMARK [2][-]{subsection.10.2}{\376\377\0006\000.\0002\000\040\000S\000e\000w\000i\000n\000g\000\040\000S\000t\000r\000u\000c\000t\000u\000r\000e}{section.10}% 200
\BOOKMARK [2][-]{subsection.10.3}{\376\377\0006\000.\0003\000\040\000T\000h\000e\000\040\000A\000n\000a\000l\000o\000g\000y\000\040\000w\000i\000t\000h\000\040\000S\000t\000a\000n\000d\000a\000r\000d\000\040\000S\000t\000r\000i\000n\000g\000\040\000T\000h\000e\000o\000r\000y}{section.10}% 201
\BOOKMARK [1][-]{section.11}{\376\377\0007\000.\000\040\000T\000h\000e\000\040\000B\000-\000F\000i\000e\000l\000d\000\040\000S\000l\000o\000t\000:\000\040\000H\000i\000g\000h\000e\000r\000\040\000G\000a\000u\000g\000e\000\040\000S\000t\000r\000u\000c\000t\000u\000r\000e}{part.4}% 202
\BOOKMARK [2][-]{subsection.11.1}{\376\377\0007\000.\0001\000\040\000N\000o\000n\000a\000b\000e\000l\000i\000a\000n\000\040\000G\000l\000u\000i\000n\000g\000\040\000C\000o\000c\000y\000c\000l\000e\000s}{section.11}% 203
\BOOKMARK [2][-]{subsection.11.2}{\376\377\0007\000.\0002\000\040\000S\000t\000r\000i\000c\000t\000i\000f\000i\000c\000a\000t\000i\000o\000n\000\040\000a\000n\000d\000\040\000T\000r\000i\000v\000i\000a\000l\000i\000z\000a\000t\000i\000o\000n}{section.11}% 204
\BOOKMARK [2][-]{subsection.11.3}{\376\377\0007\000.\0003\000\040\000D\000-\000B\000r\000a\000n\000e\000\040\000I\000n\000t\000e\000r\000p\000r\000e\000t\000a\000t\000i\000o\000n}{section.11}% 205
\BOOKMARK [1][-]{section.12}{\376\377\0008\000.\000\040\000O\000P\000H\000\040\000S\000t\000r\000i\000n\000g\000\040\000S\000c\000a\000l\000e\000\040\000a\000n\000d\000\040\000P\000a\000r\000a\000m\000e\000t\000e\000r\000s}{part.4}% 206
\BOOKMARK [2][-]{subsection.12.1}{\376\377\0008\000.\0001\000\040\000S\000t\000r\000i\000n\000g\000\040\000S\000c\000a\000l\000e\000\040\000f\000r\000o\000m\000\040\000P\000i\000x\000e\000l\000\040\000A\000r\000e\000a}{section.12}% 207
\BOOKMARK [2][-]{subsection.12.2}{\376\377\0008\000.\0002\000\040\000W\000o\000r\000l\000d\000s\000h\000e\000e\000t\000\040\000Y\000M\000\040\000C\000o\000u\000p\000l\000i\000n\000g}{section.12}% 208
\BOOKMARK [2][-]{subsection.12.3}{\376\377\0008\000.\0003\000\040\000C\000u\000r\000r\000e\000n\000t\000\040\000A\000l\000g\000e\000b\000r\000a\000\040\000C\000e\000n\000t\000r\000a\000l\000\040\000C\000h\000a\000r\000g\000e\000\040\000\050\000W\000Z\000W\000\051}{section.12}% 209
\BOOKMARK [1][-]{section.13}{\376\377\0009\000.\000\040\000F\000r\000o\000m\000\040\0002\000D\000\040\000Y\000a\000n\000g\000-\000M\000i\000l\000l\000s\000\040\000t\000o\000\040\000C\000r\000i\000t\000i\000c\000a\000l\000\040\000S\000u\000p\000e\000r\000s\000t\000r\000i\000n\000g\000s}{part.4}% 210
\BOOKMARK [2][-]{subsection.13.1}{\376\377\0009\000.\0001\000\040\000E\000s\000t\000a\000b\000l\000i\000s\000h\000e\000d\000\040\000R\000e\000s\000u\000l\000t\000s}{section.13}% 211
\BOOKMARK [2][-]{subsection.13.2}{\376\377\0009\000.\0002\000\040\000E\000x\000t\000e\000n\000s\000i\000o\000n\000s\000\040\000t\000o\000\040\000C\000r\000i\000t\000i\000c\000a\000l\000\040\000S\000u\000p\000e\000r\000s\000t\000r\000i\000n\000g\000s}{section.13}% 212
\BOOKMARK [1][-]{section.14}{\376\377\0001\0000\000.\000\040\000S\000u\000m\000m\000a\000r\000y}{part.4}% 213
\BOOKMARK [1][-]{section.15}{\376\377\000A\000p\000p\000e\000n\000d\000i\000x\000\040\000A\000:\000\040\000E\000n\000t\000a\000n\000g\000l\000e\000m\000e\000n\000t\000\040\000F\000i\000r\000s\000t\000\040\000L\000a\000w\000\040\000N\000u\000m\000e\000r\000i\000c\000a\000l\000\040\000C\000h\000e\000c\000k}{part.4}% 214
\BOOKMARK [2][-]{subsection.15.1}{\376\377\000A\000.\0001\000\040\000S\000e\000t\000u\000p}{section.15}% 215
\BOOKMARK [2][-]{subsection.15.2}{\376\377\000A\000.\0002\000\040\000E\000x\000p\000e\000c\000t\000e\000d\000\040\000R\000e\000s\000u\000l\000t}{section.15}% 216
\BOOKMARK [2][-]{subsection.15.3}{\376\377\000A\000.\0003\000\040\000C\000o\000d\000e}{section.15}% 217
\BOOKMARK [1][-]{section.16}{\376\377\000A\000p\000p\000e\000n\000d\000i\000x\000\040\000B\000:\000\040\000K\000e\000y\000\040\000E\000q\000u\000a\000t\000i\000o\000n\000s\000\040\000S\000u\000m\000m\000a\000r\000y}{part.4}% 218
\BOOKMARK [1][-]{section.17}{\376\377\000R\000e\000f\000e\000r\000e\000n\000c\000e\000s}{part.4}% 219
\BOOKMARK [0][-]{part.5}{\376\377\000V\000\040\000T\000e\000c\000h\000n\000i\000c\000a\000l\000\040\000S\000u\000p\000p\000l\000e\000m\000e\000n\000t}{}% 220
\BOOKMARK [1][-]{section.18}{\376\377\000T\000e\000c\000h\000n\000i\000c\000a\000l\000\040\000S\000u\000p\000p\000l\000e\000m\000e\000n\000t\000:\000\040\000M\000a\000t\000h\000e\000m\000a\000t\000i\000c\000a\000l\000\040\000F\000o\000u\000n\000d\000a\000t\000i\000o\000n\000s\000\040\000o\000f\000\040\000O\000b\000s\000e\000r\000v\000e\000r\000-\000P\000a\000t\000c\000h\000\040\000H\000o\000l\000o\000g\000r\000a\000p\000h\000y}{part.5}% 221
\BOOKMARK [2][-]{subsection.18.1}{\376\377\000F\000o\000r\000\040\000T\000h\000e\000o\000r\000e\000t\000i\000c\000a\000l\000\040\000P\000h\000y\000s\000i\000c\000i\000s\000t\000s}{section.18}% 222
\BOOKMARK [1][-]{section.19}{\376\377\0001\000.\000\040\000C\000o\000r\000e\000\040\000A\000x\000i\000o\000m\000s\000\040\000a\000n\000d\000\040\000D\000e\000f\000i\000n\000i\000t\000i\000o\000n\000s}{part.5}% 223
\BOOKMARK [2][-]{subsection.19.1}{\376\377\0001\000.\0001\000\040\000T\000h\000e\000\040\000A\000x\000i\000o\000m\000\040\000S\000e\000t}{section.19}% 224
\BOOKMARK [2][-]{subsection.19.2}{\376\377\0001\000.\0002\000\040\000R\000e\000g\000u\000l\000a\000t\000o\000r\000\040\000P\000r\000e\000m\000i\000s\000e\000s}{section.19}% 225
\BOOKMARK [2][-]{subsection.19.3}{\376\377\0001\000.\0003\000\040\000E\000d\000g\000e\000-\000C\000e\000n\000t\000e\000r\000\040\000C\000o\000m\000p\000l\000e\000t\000i\000o\000n\000\040\000\050\000E\000C\000\051}{section.19}% 226
\BOOKMARK [2][-]{subsection.19.4}{\376\377\0001\000.\0004\000\040\000F\000u\000n\000d\000a\000m\000e\000n\000t\000a\000l\000\040\000P\000a\000r\000a\000m\000e\000t\000e\000r\000s}{section.19}% 227
\BOOKMARK [1][-]{section.20}{\376\377\0002\000.\000\040\000E\000m\000e\000r\000g\000e\000n\000c\000e\000\040\000o\000f\000\040\000G\000r\000a\000v\000i\000t\000y\000\040\000a\000n\000d\000\040\000Q\000u\000a\000n\000t\000u\000m\000\040\000M\000e\000c\000h\000a\000n\000i\000c\000s}{part.5}% 228
\BOOKMARK [2][-]{subsection.20.1}{\376\377\0002\000.\0001\000\040\000L\000o\000c\000a\000l\000\040\000L\000o\000r\000e\000n\000t\000z\000\040\000S\000t\000r\000u\000c\000t\000u\000r\000e}{section.20}% 229
\BOOKMARK [2][-]{subsection.20.2}{\376\377\0002\000.\0002\000\040\000G\000e\000o\000m\000e\000t\000r\000i\000c\000\040\000M\000o\000d\000u\000l\000a\000r\000\040\000F\000l\000o\000w}{section.20}% 230
\BOOKMARK [2][-]{subsection.20.3}{\376\377\0002\000.\0003\000\040\000N\000u\000l\000l\000\040\000M\000o\000d\000u\000l\000a\000r\000\040\000B\000r\000i\000d\000g\000e\000\040\000\050\000E\000F\000T\000\040\000C\000o\000n\000d\000i\000t\000i\000o\000n\000s\000\040\000N\0001\000-\000N\0003\000\051}{section.20}% 231
\BOOKMARK [2][-]{subsection.20.4}{\376\377\0002\000.\0004\000\040\000S\000t\000r\000e\000s\000s\000\040\000T\000e\000n\000s\000o\000r\000\040\000R\000e\000c\000o\000n\000s\000t\000r\000u\000c\000t\000i\000o\000n}{section.20}% 232
\BOOKMARK [2][-]{subsection.20.5}{\376\377\0002\000.\0005\000\040\000E\000n\000t\000a\000n\000g\000l\000e\000m\000e\000n\000t\000\040\000E\000q\000u\000i\000l\000i\000b\000r\000i\000u\000m\000\040\000a\000n\000d\000\040\000E\000i\000n\000s\000t\000e\000i\000n\000\047\000s\000\040\000E\000q\000u\000a\000t\000i\000o\000n}{section.20}% 233
\BOOKMARK [2][-]{subsection.20.6}{\376\377\0002\000.\0006\000\040\000N\000e\000w\000t\000o\000n\000\047\000s\000\040\000C\000o\000n\000s\000t\000a\000n\000t\000\040\000f\000r\000o\000m\000\040\000E\000d\000g\000e\000\040\000E\000n\000t\000r\000o\000p\000y}{section.20}% 234
\BOOKMARK [1][-]{section.21}{\376\377\0003\000.\000\040\000T\000h\000e\000\040\000M\000e\000a\000s\000u\000r\000e\000m\000e\000n\000t\000\040\000P\000r\000o\000b\000l\000e\000m}{part.5}% 235
\BOOKMARK [2][-]{subsection.21.1}{\376\377\0003\000.\0001\000\040\000R\000e\000c\000o\000r\000d\000s\000\040\000a\000s\000\040\000C\000e\000n\000t\000r\000a\000l\000\040\000V\000a\000r\000i\000a\000b\000l\000e\000s}{section.21}% 236
\BOOKMARK [2][-]{subsection.21.2}{\376\377\0003\000.\0002\000\040\000M\000a\000r\000k\000o\000v\000\040\000S\000t\000r\000u\000c\000t\000u\000r\000e\000\040\000T\000h\000e\000o\000r\000e\000m}{section.21}% 237
\BOOKMARK [2][-]{subsection.21.3}{\376\377\0003\000.\0003\000\040\000A\000p\000p\000r\000o\000x\000i\000m\000a\000t\000e\000\040\000M\000a\000r\000k\000o\000v\000\040\000a\000n\000d\000\040\000R\000e\000c\000o\000v\000e\000r\000y}{section.21}% 238
\BOOKMARK [2][-]{subsection.21.4}{\376\377\0003\000.\0004\000\040\000D\000e\000f\000i\000n\000i\000t\000e\000n\000e\000s\000s\000\040\000o\000f\000\040\000O\000u\000t\000c\000o\000m\000e\000s}{section.21}% 239
\BOOKMARK [2][-]{subsection.21.5}{\376\377\0003\000.\0005\000\040\000B\000o\000r\000n\000\040\000R\000u\000l\000e\000\040\000a\000s\000\040\000U\000n\000i\000q\000u\000e\000\040\000P\000r\000o\000b\000a\000b\000i\000l\000i\000t\000y\000\040\000M\000e\000a\000s\000u\000r\000e}{section.21}% 240
\BOOKMARK [2][-]{subsection.21.6}{\376\377\0003\000.\0006\000\040\000C\000o\000l\000l\000a\000p\000s\000e\000\040\000a\000s\000\040\000C\000o\000n\000d\000i\000t\000i\000o\000n\000i\000n\000g}{section.21}% 241
\BOOKMARK [1][-]{section.22}{\376\377\0004\000.\000\040\000T\000h\000e\000\040\000C\000o\000s\000m\000o\000l\000o\000g\000i\000c\000a\000l\000\040\000P\000r\000i\000n\000c\000i\000p\000l\000e}{part.5}% 242
\BOOKMARK [2][-]{subsection.22.1}{\376\377\0004\000.\0001\000\040\000M\000a\000x\000E\000n\000t\000\040\000S\000y\000m\000m\000e\000t\000r\000y\000\040\000I\000n\000h\000e\000r\000i\000t\000a\000n\000c\000e}{section.22}% 243
\BOOKMARK [2][-]{subsection.22.2}{\376\377\0004\000.\0002\000\040\000I\000s\000o\000t\000r\000o\000p\000y\000\040\000f\000r\000o\000m\000\040\000S\000O\000\050\0003\000\051\000-\000I\000n\000v\000a\000r\000i\000a\000n\000t\000\040\000C\000o\000n\000s\000t\000r\000a\000i\000n\000t\000s}{section.22}% 244
\BOOKMARK [2][-]{subsection.22.3}{\376\377\0004\000.\0003\000\040\000H\000o\000m\000o\000g\000e\000n\000e\000i\000t\000y\000\040\000f\000r\000o\000m\000\040\000I\000s\000o\000t\000r\000o\000p\000y\000\040\000E\000v\000e\000r\000y\000w\000h\000e\000r\000e}{section.22}% 245
\BOOKMARK [2][-]{subsection.22.4}{\376\377\0004\000.\0004\000\040\000F\000L\000R\000W\000\040\000E\000m\000e\000r\000g\000e\000n\000c\000e}{section.22}% 246
\BOOKMARK [1][-]{section.23}{\376\377\0005\000.\000\040\000S\000u\000p\000e\000r\000s\000y\000m\000m\000e\000t\000r\000y\000\040\000a\000n\000d\000\040\000G\000a\000u\000g\000e\000\040\000C\000o\000u\000p\000l\000i\000n\000g\000\040\000U\000n\000i\000f\000i\000c\000a\000t\000i\000o\000n}{part.5}% 247
\BOOKMARK [2][-]{subsection.23.1}{\376\377\0005\000.\0001\000\040\000O\000n\000e\000-\000L\000o\000o\000p\000\040\000U\000n\000i\000f\000i\000c\000a\000t\000i\000o\000n\000\040\000A\000l\000g\000e\000b\000r\000a}{section.23}% 248
\BOOKMARK [2][-]{subsection.23.2}{\376\377\0005\000.\0002\000\040\000S\000M\000\040\000v\000s\000\040\000M\000S\000S\000M\000\040\000C\000o\000e\000f\000f\000i\000c\000i\000e\000n\000t\000s}{section.23}% 249
\BOOKMARK [2][-]{subsection.23.3}{\376\377\0005\000.\0003\000\040\000H\000e\000a\000t\000-\000K\000e\000r\000n\000e\000l\000\040\000E\000d\000g\000e\000\040\000S\000e\000c\000t\000o\000r\000\040\000W\000e\000i\000g\000h\000t\000s}{section.23}% 250
\BOOKMARK [2][-]{subsection.23.4}{\376\377\0005\000.\0004\000\040\000P\000e\000t\000e\000r\000-\000W\000e\000y\000l\000\040\000a\000n\000d\000\040\000E\000f\000f\000e\000c\000t\000i\000v\000e\000\040\000M\000u\000l\000t\000i\000p\000l\000i\000c\000i\000t\000y}{section.23}% 251
\BOOKMARK [2][-]{subsection.23.5}{\376\377\0005\000.\0005\000\040\000B\000e\000t\000a\000\040\000F\000u\000n\000c\000t\000i\000o\000n\000\040\000S\000h\000i\000f\000t\000s}{section.23}% 252
\BOOKMARK [1][-]{section.24}{\376\377\0006\000.\000\040\000T\000h\000e\000\040\000H\000o\000r\000i\000z\000o\000n\000\040\000P\000r\000o\000b\000l\000e\000m}{part.5}% 253
\BOOKMARK [2][-]{subsection.24.1}{\376\377\0006\000.\0001\000\040\000A\000n\000i\000s\000o\000t\000r\000o\000p\000y\000\040\000B\000o\000u\000n\000d\000\040\000f\000r\000o\000m\000\040\000M\000a\000r\000k\000o\000v\000\040\000C\000o\000n\000t\000r\000o\000l}{section.24}% 254
\BOOKMARK [2][-]{subsection.24.2}{\376\377\0006\000.\0002\000\040\000C\000M\000B\000\040\000A\000n\000i\000s\000o\000t\000r\000o\000p\000y\000\040\000R\000e\000q\000u\000i\000r\000e\000m\000e\000n\000t}{section.24}% 255
\BOOKMARK [2][-]{subsection.24.3}{\376\377\0006\000.\0003\000\040\000H\000o\000m\000o\000g\000e\000n\000e\000i\000t\000y\000\040\000a\000s\000\040\000M\000a\000x\000E\000n\000t\000\040\000D\000e\000f\000a\000u\000l\000t}{section.24}% 256
\BOOKMARK [1][-]{section.25}{\376\377\0007\000.\000\040\000B\000l\000a\000c\000k\000\040\000H\000o\000l\000e\000\040\000I\000n\000f\000o\000r\000m\000a\000t\000i\000o\000n\000\040\000P\000a\000r\000a\000d\000o\000x}{part.5}% 257
\BOOKMARK [2][-]{subsection.25.1}{\376\377\0007\000.\0001\000\040\000T\000h\000e\000\040\000I\000n\000f\000o\000r\000m\000a\000t\000i\000o\000n\000\040\000T\000r\000i\000l\000e\000m\000m\000a}{section.25}% 258
\BOOKMARK [2][-]{subsection.25.2}{\376\377\0007\000.\0002\000\040\000E\000d\000g\000e\000-\000C\000e\000n\000t\000e\000r\000\040\000R\000e\000s\000o\000l\000u\000t\000i\000o\000n}{section.25}% 259
\BOOKMARK [2][-]{subsection.25.3}{\376\377\0007\000.\0003\000\040\000R\000e\000c\000o\000v\000e\000r\000a\000b\000i\000l\000i\000t\000y\000\040\000o\000f\000\040\000I\000n\000t\000e\000r\000i\000o\000r}{section.25}% 260
\BOOKMARK [2][-]{subsection.25.4}{\376\377\0007\000.\0004\000\040\000H\000a\000w\000k\000i\000n\000g\000\040\000T\000e\000m\000p\000e\000r\000a\000t\000u\000r\000e\000\040\000f\000r\000o\000m\000\040\000M\000o\000d\000u\000l\000a\000r\000\040\000T\000h\000e\000o\000r\000y}{section.25}% 261
\BOOKMARK [2][-]{subsection.25.5}{\376\377\0007\000.\0005\000\040\000D\000i\000s\000c\000r\000e\000t\000e\000\040\000A\000r\000e\000a\000\040\000S\000p\000e\000c\000t\000r\000u\000m}{section.25}% 262
\BOOKMARK [1][-]{section.26}{\376\377\0008\000.\000\040\000T\000h\000e\000\040\000C\000o\000s\000m\000o\000l\000o\000g\000i\000c\000a\000l\000\040\000C\000o\000n\000s\000t\000a\000n\000t\000\040\000P\000r\000o\000b\000l\000e\000m}{part.5}% 263
\BOOKMARK [2][-]{subsection.26.1}{\376\377\0008\000.\0001\000\040\000V\000a\000c\000u\000u\000m\000\040\000E\000n\000e\000r\000g\000y\000\040\000B\000l\000i\000n\000d\000n\000e\000s\000s}{section.26}% 264
\BOOKMARK [2][-]{subsection.26.2}{\376\377\0008\000.\0002\000\040\000S\000t\000r\000u\000c\000t\000u\000r\000a\000l\000\040\000S\000e\000p\000a\000r\000a\000t\000i\000o\000n}{section.26}% 265
\BOOKMARK [2][-]{subsection.26.3}{\376\377\0008\000.\0003\000\040\003\233\000\040\000f\000r\000o\000m\000\040\000C\000a\000p\000a\000c\000i\000t\000y}{section.26}% 266
\BOOKMARK [2][-]{subsection.26.4}{\376\377\0008\000.\0004\000\040\000N\000o\000-\000G\000o\000\040\000f\000o\000r\000\040\000L\000o\000c\000a\000l\000\040\003\233\000\040\000P\000r\000e\000d\000i\000c\000t\000i\000o\000n}{section.26}% 267
\BOOKMARK [1][-]{section.27}{\376\377\0009\000.\000\040\000D\000a\000r\000k\000\040\000M\000a\000t\000t\000e\000r\000\040\000a\000s\000\040\000M\000o\000d\000u\000l\000a\000r\000\040\000A\000n\000o\000m\000a\000l\000y}{part.5}% 268
\BOOKMARK [2][-]{subsection.27.1}{\376\377\0009\000.\0001\000\040\000T\000h\000e\000\040\000M\000o\000d\000u\000l\000a\000r\000\040\000A\000d\000d\000i\000t\000i\000v\000i\000t\000y\000\040\000D\000e\000f\000e\000c\000t}{section.27}% 269
\BOOKMARK [2][-]{subsection.27.2}{\376\377\0009\000.\0002\000\040\000A\000n\000o\000m\000a\000l\000o\000u\000s\000\040\000S\000t\000r\000e\000s\000s\000-\000E\000n\000e\000r\000g\000y}{section.27}% 270
\BOOKMARK [2][-]{subsection.27.3}{\376\377\0009\000.\0003\000\040\000P\000r\000o\000p\000e\000r\000t\000i\000e\000s\000\040\000o\000f\000\040\000t\000h\000e\000\040\000A\000n\000o\000m\000a\000l\000y\000\040\000S\000e\000c\000t\000o\000r}{section.27}% 271
\BOOKMARK [2][-]{subsection.27.4}{\376\377\0009\000.\0004\000\040\000T\000h\000e\000\040\000M\000O\000N\000D\000\040\000A\000c\000c\000e\000l\000e\000r\000a\000t\000i\000o\000n\000\040\000S\000c\000a\000l\000e}{section.27}% 272
\BOOKMARK [2][-]{subsection.27.5}{\376\377\0009\000.\0005\000\040\000P\000o\000l\000a\000r\000i\000z\000a\000t\000i\000o\000n\000\040\000R\000e\000s\000p\000o\000n\000s\000e\000\040\000\050\000M\000O\000N\000D\000-\000l\000i\000k\000e\000\040\000S\000c\000a\000l\000i\000n\000g\000\051}{section.27}% 273
\BOOKMARK [1][-]{section.28}{\376\377\0001\0000\000.\000\040\000P\000r\000o\000t\000o\000n\000\040\000S\000t\000a\000b\000i\000l\000i\000t\000y\000\040\000a\000n\000d\000\040\000S\000p\000i\000n}{part.5}% 274
\BOOKMARK [2][-]{subsection.28.1}{\376\377\0001\0000\000.\0001\000\040\000S\000e\000c\000t\000o\000r\000\040\000F\000a\000c\000t\000o\000r\000i\000z\000a\000t\000i\000o\000n\000\040\000a\000n\000d\000\040\000P\000r\000o\000d\000u\000c\000t\000\040\000G\000r\000o\000u\000p}{section.28}% 275
\BOOKMARK [2][-]{subsection.28.2}{\376\377\0001\0000\000.\0002\000\040\000N\000o\000\040\000L\000e\000p\000t\000o\000q\000u\000a\000r\000k\000s\000,\000\040\000N\000o\000\040\000G\000a\000u\000g\000e\000\040\000P\000r\000o\000t\000o\000n\000\040\000D\000e\000c\000a\000y}{section.28}% 276
\BOOKMARK [2][-]{subsection.28.3}{\376\377\0001\0000\000.\0003\000\040\000P\000r\000o\000t\000o\000n\000\040\000S\000p\000i\000n\000\040\000F\000r\000a\000c\000t\000i\000o\000n}{section.28}% 277
\BOOKMARK [1][-]{section.29}{\376\377\0001\0001\000.\000\040\000B\000a\000r\000y\000o\000g\000e\000n\000e\000s\000i\000s}{part.5}% 278
\BOOKMARK [2][-]{subsection.29.1}{\376\377\0001\0001\000.\0001\000\040\000T\000h\000e\000\040\000Z\040\206\000\040\000D\000e\000f\000e\000c\000t\000\040\000S\000u\000p\000p\000r\000e\000s\000s\000i\000o\000n}{section.29}% 279
\BOOKMARK [2][-]{subsection.29.2}{\376\377\0001\0001\000.\0002\000\040\000T\000h\000e\000\040\000B\000a\000r\000y\000o\000n\000-\000V\000i\000o\000l\000a\000t\000i\000n\000g\000\040\000C\000h\000a\000n\000n\000e\000l}{section.29}% 280
\BOOKMARK [2][-]{subsection.29.3}{\376\377\0001\0001\000.\0003\000\040\000D\000e\000f\000e\000c\000t\000-\000O\000r\000d\000e\000r\000\040\000I\000d\000e\000n\000t\000i\000f\000i\000c\000a\000t\000i\000o\000n}{section.29}% 281
\BOOKMARK [2][-]{subsection.29.4}{\376\377\0001\0001\000.\0004\000\040\000C\000P\000\040\000B\000i\000a\000s\000\040\000f\000r\000o\000m\000\040\000O\000v\000e\000r\000l\000a\000p\000\040\000H\000o\000l\000o\000n\000o\000m\000y}{section.29}% 282
\BOOKMARK [1][-]{section.30}{\376\377\0001\0002\000.\000\040\000G\000e\000n\000e\000r\000a\000t\000i\000o\000n\000\040\000S\000t\000r\000u\000c\000t\000u\000r\000e\000\040\000a\000n\000d\000\040\000Y\000u\000k\000a\000w\000a\000\040\000H\000i\000e\000r\000a\000r\000c\000h\000y}{part.5}% 283
\BOOKMARK [2][-]{subsection.30.1}{\376\377\0001\0002\000.\0001\000\040\000W\000h\000y\000\040\000T\000h\000r\000e\000e\000\040\000G\000e\000n\000e\000r\000a\000t\000i\000o\000n\000s}{section.30}% 284
\BOOKMARK [2][-]{subsection.30.2}{\376\377\0001\0002\000.\0002\000\040\000Y\000u\000k\000a\000w\000a\000\040\000a\000s\000\040\000D\000e\000f\000e\000c\000t\000-\000M\000e\000d\000i\000a\000t\000e\000d\000\040\000O\000v\000e\000r\000l\000a\000p}{section.30}% 285
\BOOKMARK [2][-]{subsection.30.3}{\376\377\0001\0002\000.\0003\000\040\000T\000h\000e\000\040\000Y\000u\000k\000a\000w\000a\000\040\000S\000p\000e\000c\000t\000r\000u\000m}{section.30}% 286
\BOOKMARK [2][-]{subsection.30.4}{\376\377\0001\0002\000.\0004\000\040\000D\000e\000t\000e\000r\000m\000i\000n\000i\000s\000t\000i\000c\000\040\000C\000o\000m\000p\000l\000e\000t\000i\000o\000n\000\040\000\050\000R\000K\000\040\000H\000a\000m\000i\000l\000t\000o\000n\000i\000a\000n\000\051}{section.30}% 287
\BOOKMARK [1][-]{section.31}{\376\377\0001\0003\000.\000\040\000T\000h\000e\000\040\000K\000o\000i\000d\000e\000\040\000F\000o\000r\000m\000u\000l\000a}{part.5}% 288
\BOOKMARK [2][-]{subsection.31.1}{\376\377\0001\0003\000.\0001\000\040\000N\000u\000m\000e\000r\000i\000c\000a\000l\000\040\000V\000e\000r\000i\000f\000i\000c\000a\000t\000i\000o\000n}{section.31}% 289
\BOOKMARK [2][-]{subsection.31.2}{\376\377\0001\0003\000.\0002\000\040\000Z\040\203\000\040\000H\000o\000l\000o\000n\000o\000m\000y\000\040\000P\000a\000r\000a\000m\000e\000t\000e\000r\000i\000z\000a\000t\000i\000o\000n}{section.31}% 290
\BOOKMARK [2][-]{subsection.31.3}{\376\377\0001\0003\000.\0003\000\040\000W\000h\000y\000\040\000Q\000\040\000=\000\040\0002\000/\0003}{section.31}% 291
\BOOKMARK [2][-]{subsection.31.4}{\376\377\0001\0003\000.\0004\000\040\000T\000h\000e\000\040\000K\000o\000i\000d\000e\000\040\000P\000h\000a\000s\000e\000\040\000f\000r\000o\000m\000\040\000O\000P\000H}{section.31}% 292
\BOOKMARK [1][-]{section.32}{\376\377\0001\0004\000.\000\040\000C\000o\000s\000m\000o\000l\000o\000g\000i\000c\000a\000l\000\040\000P\000a\000r\000a\000m\000e\000t\000e\000r\000s}{part.5}% 293
\BOOKMARK [2][-]{subsection.32.1}{\376\377\0001\0004\000.\0001\000\040\000T\000h\000e\000\040\000d\000e\000\040\000S\000i\000t\000t\000e\000r\000\040\000S\000c\000a\000l\000e}{section.32}% 294
\BOOKMARK [2][-]{subsection.32.2}{\376\377\0001\0004\000.\0002\000\040\000E\000m\000e\000r\000g\000e\000n\000t\000\040\000A\000g\000e\000\040\000o\000f\000\040\000t\000h\000e\000\040\000U\000n\000i\000v\000e\000r\000s\000e}{section.32}% 295
\BOOKMARK [2][-]{subsection.32.3}{\376\377\0001\0004\000.\0003\000\040\000S\000c\000r\000e\000e\000n\000\040\000C\000a\000p\000a\000c\000i\000t\000y}{section.32}% 296
\BOOKMARK [2][-]{subsection.32.4}{\376\377\0001\0004\000.\0004\000\040\000P\000i\000x\000e\000l\000\040\000P\000a\000r\000a\000m\000e\000t\000e\000r\000s}{section.32}% 297
\BOOKMARK [1][-]{section.33}{\376\377\000A\000p\000p\000e\000n\000d\000i\000x\000\040\000A\000:\000\040\000S\000u\000m\000m\000a\000r\000y\000\040\000o\000f\000\040\000D\000e\000r\000i\000v\000e\000d\000\040\000R\000e\000s\000u\000l\000t\000s}{part.5}% 298
\BOOKMARK [2][-]{subsection.33.1}{\376\377\000A\000.\0001\000\040\000T\000h\000e\000o\000r\000e\000m\000-\000L\000e\000v\000e\000l\000\040\000R\000e\000s\000u\000l\000t\000s}{section.33}% 299
\BOOKMARK [2][-]{subsection.33.2}{\376\377\000A\000.\0002\000\040\000Q\000u\000a\000n\000t\000i\000t\000a\000t\000i\000v\000e\000\040\000P\000r\000e\000d\000i\000c\000t\000i\000o\000n\000s}{section.33}% 300
\BOOKMARK [2][-]{subsection.33.3}{\376\377\000A\000.\0003\000\040\000F\000u\000t\000u\000r\000e\000\040\000D\000i\000r\000e\000c\000t\000i\000o\000n\000s}{section.33}% 301
\BOOKMARK [1][-]{section.34}{\376\377\000A\000p\000p\000e\000n\000d\000i\000x\000\040\000B\000:\000\040\000K\000e\000y\000\040\000N\000u\000m\000e\000r\000i\000c\000a\000l\000\040\000V\000a\000l\000u\000e\000s}{part.5}% 302
\BOOKMARK [1][-]{section.35}{\376\377\000R\000e\000f\000e\000r\000e\000n\000c\000e\000s}{part.5}% 303
\BOOKMARK [0][-]{part.6}{\376\377\000V\000I\000\040\000S\000t\000r\000a\000n\000g\000e\000\040\000L\000o\000o\000p\000\040\000H\000y\000p\000o\000t\000h\000e\000s\000i\000s}{}% 304
\BOOKMARK [1][-]{section.36}{\376\377\000F\000o\000r\000m\000a\000l\000\040\000S\000t\000a\000t\000e\000m\000e\000n\000t}{part.6}% 305
\BOOKMARK [1][-]{section.37}{\376\377\000T\000i\000m\000e\000l\000e\000s\000s\000\040\000C\000a\000u\000s\000a\000l\000\040\000C\000h\000a\000i\000n}{part.6}% 306
\BOOKMARK [1][-]{section.38}{\376\377\000W\000h\000y\000\040\000R\000e\000a\000l\000i\000t\000y\000\040\000E\000x\000i\000s\000t\000s\000\040\000a\000n\000d\000\040\000W\000h\000y\000\040\000I\000t\000\040\000H\000a\000s\000\040\000T\000h\000i\000s\000\040\000F\000o\000r\000m}{part.6}% 307
\BOOKMARK [1][-]{section.39}{\376\377\000A\000d\000d\000i\000t\000i\000o\000n\000a\000l\000\040\000P\000r\000o\000b\000l\000e\000m\000\040\000C\000l\000o\000s\000u\000r\000e\000s}{part.6}% 308
\BOOKMARK [1][-]{section.40}{\376\377\000S\000o\000u\000r\000c\000e\000\040\000N\000o\000t\000e\000s\000\040\000f\000o\000r\000\040\000T\000h\000i\000s\000\040\000P\000a\000r\000t}{part.6}% 309
\BOOKMARK [0][-]{part.7}{\376\377\000V\000I\000I\000\040\000O\000b\000s\000e\000r\000v\000e\000r\000\040\000C\000o\000n\000t\000i\000n\000u\000a\000t\000i\000o\000n\000\040\000a\000n\000d\000\040\000B\000a\000c\000k\000u\000p\000\040\000M\000e\000c\000h\000a\000n\000i\000s\000m}{}% 310
\BOOKMARK [1][-]{section.41}{\376\377\000O\000b\000s\000e\000r\000v\000e\000r\000\040\000a\000s\000\040\000A\000l\000g\000e\000b\000r\000a\000i\000c\000\040\000P\000a\000t\000t\000e\000r\000n}{part.7}% 311
\BOOKMARK [1][-]{section.42}{\376\377\000M\000a\000r\000k\000o\000v\000\040\000C\000o\000l\000l\000a\000r\000\040\000F\000a\000c\000t\000o\000r\000i\000z\000a\000t\000i\000o\000n}{part.7}% 312
\BOOKMARK [1][-]{section.43}{\376\377\000C\000h\000e\000c\000k\000p\000o\000i\000n\000t\000\040\000a\000n\000d\000\040\000R\000e\000s\000t\000o\000r\000a\000t\000i\000o\000n\000\040\000M\000a\000p}{part.7}% 313
\BOOKMARK [1][-]{section.44}{\376\377\000P\000h\000y\000s\000i\000c\000a\000l\000\040\000M\000e\000a\000n\000i\000n\000g}{part.7}% 314
